

Started GET "/" for 126.158.51.175 at 2018-08-09 23:29:52 +0000
Processing by Rails::WelcomeController#index as HTML
  Rendered /usr/local/rvm/gems/ruby-2.0.0-p648@samurai/gems/railties-4.0.5/lib/rails/templates/rails/welcome/index.html.erb (1.0ms)
Completed 200 OK in 12ms (Views: 4.9ms | ActiveRecord: 0.0ms)
  [1m[36m (4.1ms)[0m  [1mCREATE TABLE "schema_migrations" ("version" varchar(255) NOT NULL) [0m
  [1m[35m (3.9ms)[0m  CREATE UNIQUE INDEX "unique_schema_migrations" ON "schema_migrations" ("version")
  [1m[36mActiveRecord::SchemaMigration Load (0.1ms)[0m  [1mSELECT "schema_migrations".* FROM "schema_migrations"[0m
Migrating to CreateProjects (20180809233241)
  [1m[35m (0.1ms)[0m  begin transaction
  [1m[36m (0.2ms)[0m  [1mCREATE TABLE "projects" ("id" INTEGER PRIMARY KEY AUTOINCREMENT NOT NULL, "title" varchar(255), "created_at" datetime, "updated_at" datetime) [0m
  [1m[35mSQL (0.1ms)[0m  INSERT INTO "schema_migrations" ("version") VALUES (?)  [["version", "20180809233241"]]
  [1m[36m (3.8ms)[0m  [1mcommit transaction[0m
  [1m[35mActiveRecord::SchemaMigration Load (0.1ms)[0m  SELECT "schema_migrations".* FROM "schema_migrations"
  [1m[36m (0.1ms)[0m  [1mbegin transaction[0m
  [1m[35mSQL (1.9ms)[0m  INSERT INTO "projects" ("created_at", "title", "updated_at") VALUES (?, ?, ?)  [["created_at", Thu, 09 Aug 2018 23:36:47 UTC +00:00], ["title", "p1"], ["updated_at", Thu, 09 Aug 2018 23:36:47 UTC +00:00]]
  [1m[36m (4.3ms)[0m  [1mcommit transaction[0m
  [1m[35m (0.1ms)[0m  begin transaction
  [1m[36mSQL (0.2ms)[0m  [1mINSERT INTO "projects" ("created_at", "title", "updated_at") VALUES (?, ?, ?)[0m  [["created_at", Thu, 09 Aug 2018 23:39:51 UTC +00:00], ["title", "p2"], ["updated_at", Thu, 09 Aug 2018 23:39:51 UTC +00:00]]
  [1m[35m (3.8ms)[0m  commit transaction
  [1m[36mProject Load (0.1ms)[0m  [1mSELECT "projects".* FROM "projects"[0m


Started GET "/" for 126.158.51.175 at 2018-08-09 23:50:40 +0000
  [1m[36mActiveRecord::SchemaMigration Load (0.1ms)[0m  [1mSELECT "schema_migrations".* FROM "schema_migrations"[0m
Processing by Rails::WelcomeController#index as HTML
  Rendered /usr/local/rvm/gems/ruby-2.0.0-p648@samurai/gems/railties-4.0.5/lib/rails/templates/rails/welcome/index.html.erb (1.0ms)
Completed 200 OK in 13ms (Views: 5.2ms | ActiveRecord: 0.0ms)


Started GET "/projects" for 126.158.51.175 at 2018-08-09 23:50:47 +0000
Processing by ProjectsController#index as HTML
  Rendered projects/index.html.erb within layouts/application (0.5ms)
Completed 500 Internal Server Error in 4ms

SyntaxError (/home/ec2-user/environment/workspace/taskpp/app/views/projects/index.html.erb:7: syntax error, unexpected keyword_ensure, expecting keyword_end
/home/ec2-user/environment/workspace/taskpp/app/views/projects/index.html.erb:9: syntax error, unexpected end-of-input, expecting keyword_end):
  actionpack (4.0.5) lib/action_view/template.rb:299:in `module_eval'
  actionpack (4.0.5) lib/action_view/template.rb:299:in `compile'
  actionpack (4.0.5) lib/action_view/template.rb:248:in `block in compile!'
  actionpack (4.0.5) lib/action_view/template.rb:236:in `synchronize'
  actionpack (4.0.5) lib/action_view/template.rb:236:in `compile!'
  actionpack (4.0.5) lib/action_view/template.rb:142:in `block in render'
  activesupport (4.0.5) lib/active_support/notifications.rb:161:in `instrument'
  actionpack (4.0.5) lib/action_view/template.rb:141:in `render'
  actionpack (4.0.5) lib/action_view/renderer/template_renderer.rb:49:in `block (2 levels) in render_template'
  actionpack (4.0.5) lib/action_view/renderer/abstract_renderer.rb:38:in `block in instrument'
  activesupport (4.0.5) lib/active_support/notifications.rb:159:in `block in instrument'
  activesupport (4.0.5) lib/active_support/notifications/instrumenter.rb:20:in `instrument'
  activesupport (4.0.5) lib/active_support/notifications.rb:159:in `instrument'
  actionpack (4.0.5) lib/action_view/renderer/abstract_renderer.rb:38:in `instrument'
  actionpack (4.0.5) lib/action_view/renderer/template_renderer.rb:48:in `block in render_template'
  actionpack (4.0.5) lib/action_view/renderer/template_renderer.rb:56:in `render_with_layout'
  actionpack (4.0.5) lib/action_view/renderer/template_renderer.rb:47:in `render_template'
  actionpack (4.0.5) lib/action_view/renderer/template_renderer.rb:17:in `render'
  actionpack (4.0.5) lib/action_view/renderer/renderer.rb:42:in `render_template'
  actionpack (4.0.5) lib/action_view/renderer/renderer.rb:23:in `render'
  actionpack (4.0.5) lib/abstract_controller/rendering.rb:127:in `_render_template'
  actionpack (4.0.5) lib/action_controller/metal/streaming.rb:219:in `_render_template'
  actionpack (4.0.5) lib/abstract_controller/rendering.rb:120:in `render_to_body'
  actionpack (4.0.5) lib/action_controller/metal/rendering.rb:33:in `render_to_body'
  actionpack (4.0.5) lib/action_controller/metal/renderers.rb:26:in `render_to_body'
  actionpack (4.0.5) lib/abstract_controller/rendering.rb:97:in `render'
  actionpack (4.0.5) lib/action_controller/metal/rendering.rb:16:in `render'
  actionpack (4.0.5) lib/action_controller/metal/instrumentation.rb:41:in `block (2 levels) in render'
  activesupport (4.0.5) lib/active_support/core_ext/benchmark.rb:12:in `block in ms'
  /usr/local/rvm/rubies/ruby-2.0.0-p648/lib/ruby/2.0.0/benchmark.rb:296:in `realtime'
  activesupport (4.0.5) lib/active_support/core_ext/benchmark.rb:12:in `ms'
  actionpack (4.0.5) lib/action_controller/metal/instrumentation.rb:41:in `block in render'
  actionpack (4.0.5) lib/action_controller/metal/instrumentation.rb:84:in `cleanup_view_runtime'
  activerecord (4.0.5) lib/active_record/railties/controller_runtime.rb:25:in `cleanup_view_runtime'
  actionpack (4.0.5) lib/action_controller/metal/instrumentation.rb:40:in `render'
  actionpack (4.0.5) lib/action_controller/metal/implicit_render.rb:10:in `default_render'
  actionpack (4.0.5) lib/action_controller/metal/implicit_render.rb:5:in `send_action'
  actionpack (4.0.5) lib/abstract_controller/base.rb:189:in `process_action'
  actionpack (4.0.5) lib/action_controller/metal/rendering.rb:10:in `process_action'
  actionpack (4.0.5) lib/abstract_controller/callbacks.rb:18:in `block in process_action'
  activesupport (4.0.5) lib/active_support/callbacks.rb:403:in `_run__3006348520677324753__process_action__callbacks'
  activesupport (4.0.5) lib/active_support/callbacks.rb:80:in `run_callbacks'
  actionpack (4.0.5) lib/abstract_controller/callbacks.rb:17:in `process_action'
  actionpack (4.0.5) lib/action_controller/metal/rescue.rb:29:in `process_action'
  actionpack (4.0.5) lib/action_controller/metal/instrumentation.rb:31:in `block in process_action'
  activesupport (4.0.5) lib/active_support/notifications.rb:159:in `block in instrument'
  activesupport (4.0.5) lib/active_support/notifications/instrumenter.rb:20:in `instrument'
  activesupport (4.0.5) lib/active_support/notifications.rb:159:in `instrument'
  actionpack (4.0.5) lib/action_controller/metal/instrumentation.rb:30:in `process_action'
  actionpack (4.0.5) lib/action_controller/metal/params_wrapper.rb:250:in `process_action'
  activerecord (4.0.5) lib/active_record/railties/controller_runtime.rb:18:in `process_action'
  actionpack (4.0.5) lib/abstract_controller/base.rb:136:in `process'
  actionpack (4.0.5) lib/abstract_controller/rendering.rb:44:in `process'
  actionpack (4.0.5) lib/action_controller/metal.rb:195:in `dispatch'
  actionpack (4.0.5) lib/action_controller/metal/rack_delegation.rb:13:in `dispatch'
  actionpack (4.0.5) lib/action_controller/metal.rb:231:in `block in action'
  actionpack (4.0.5) lib/action_dispatch/routing/route_set.rb:80:in `call'
  actionpack (4.0.5) lib/action_dispatch/routing/route_set.rb:80:in `dispatch'
  actionpack (4.0.5) lib/action_dispatch/routing/route_set.rb:48:in `call'
  actionpack (4.0.5) lib/action_dispatch/journey/router.rb:71:in `block in call'
  actionpack (4.0.5) lib/action_dispatch/journey/router.rb:59:in `each'
  actionpack (4.0.5) lib/action_dispatch/journey/router.rb:59:in `call'
  actionpack (4.0.5) lib/action_dispatch/routing/route_set.rb:674:in `call'
  rack (1.5.5) lib/rack/etag.rb:23:in `call'
  rack (1.5.5) lib/rack/conditionalget.rb:25:in `call'
  rack (1.5.5) lib/rack/head.rb:11:in `call'
  actionpack (4.0.5) lib/action_dispatch/middleware/params_parser.rb:27:in `call'
  actionpack (4.0.5) lib/action_dispatch/middleware/flash.rb:241:in `call'
  rack (1.5.5) lib/rack/session/abstract/id.rb:225:in `context'
  rack (1.5.5) lib/rack/session/abstract/id.rb:220:in `call'
  actionpack (4.0.5) lib/action_dispatch/middleware/cookies.rb:486:in `call'
  activerecord (4.0.5) lib/active_record/query_cache.rb:36:in `call'
  activerecord (4.0.5) lib/active_record/connection_adapters/abstract/connection_pool.rb:626:in `call'
  activerecord (4.0.5) lib/active_record/migration.rb:373:in `call'
  actionpack (4.0.5) lib/action_dispatch/middleware/callbacks.rb:29:in `block in call'
  activesupport (4.0.5) lib/active_support/callbacks.rb:373:in `_run__1932532014502644855__call__callbacks'
  activesupport (4.0.5) lib/active_support/callbacks.rb:80:in `run_callbacks'
  actionpack (4.0.5) lib/action_dispatch/middleware/callbacks.rb:27:in `call'
  actionpack (4.0.5) lib/action_dispatch/middleware/reloader.rb:64:in `call'
  actionpack (4.0.5) lib/action_dispatch/middleware/remote_ip.rb:76:in `call'
  actionpack (4.0.5) lib/action_dispatch/middleware/debug_exceptions.rb:17:in `call'
  actionpack (4.0.5) lib/action_dispatch/middleware/show_exceptions.rb:30:in `call'
  railties (4.0.5) lib/rails/rack/logger.rb:38:in `call_app'
  railties (4.0.5) lib/rails/rack/logger.rb:20:in `block in call'
  activesupport (4.0.5) lib/active_support/tagged_logging.rb:68:in `block in tagged'
  activesupport (4.0.5) lib/active_support/tagged_logging.rb:26:in `tagged'
  activesupport (4.0.5) lib/active_support/tagged_logging.rb:68:in `tagged'
  railties (4.0.5) lib/rails/rack/logger.rb:20:in `call'
  actionpack (4.0.5) lib/action_dispatch/middleware/request_id.rb:21:in `call'
  rack (1.5.5) lib/rack/methodoverride.rb:21:in `call'
  rack (1.5.5) lib/rack/runtime.rb:17:in `call'
  activesupport (4.0.5) lib/active_support/cache/strategy/local_cache.rb:83:in `call'
  rack (1.5.5) lib/rack/lock.rb:17:in `call'
  actionpack (4.0.5) lib/action_dispatch/middleware/static.rb:64:in `call'
  rack (1.5.5) lib/rack/sendfile.rb:112:in `call'
  railties (4.0.5) lib/rails/engine.rb:511:in `call'
  railties (4.0.5) lib/rails/application.rb:97:in `call'
  rack (1.5.5) lib/rack/lock.rb:17:in `call'
  rack (1.5.5) lib/rack/content_length.rb:14:in `call'
  rack (1.5.5) lib/rack/handler/webrick.rb:60:in `service'
  /usr/local/rvm/rubies/ruby-2.0.0-p648/lib/ruby/2.0.0/webrick/httpserver.rb:138:in `service'
  /usr/local/rvm/rubies/ruby-2.0.0-p648/lib/ruby/2.0.0/webrick/httpserver.rb:94:in `run'
  /usr/local/rvm/rubies/ruby-2.0.0-p648/lib/ruby/2.0.0/webrick/server.rb:295:in `block in start_thread'


  Rendered /usr/local/rvm/gems/ruby-2.0.0-p648@samurai/gems/actionpack-4.0.5/lib/action_dispatch/middleware/templates/rescues/_source.erb (0.4ms)
  Rendered /usr/local/rvm/gems/ruby-2.0.0-p648@samurai/gems/actionpack-4.0.5/lib/action_dispatch/middleware/templates/rescues/_trace.erb (0.9ms)
  Rendered /usr/local/rvm/gems/ruby-2.0.0-p648@samurai/gems/actionpack-4.0.5/lib/action_dispatch/middleware/templates/rescues/_request_and_response.erb (0.8ms)
  Rendered /usr/local/rvm/gems/ruby-2.0.0-p648@samurai/gems/actionpack-4.0.5/lib/action_dispatch/middleware/templates/rescues/diagnostics.erb within rescues/layout (12.9ms)


Started GET "/" for 126.158.51.175 at 2018-08-09 23:52:26 +0000
Processing by Rails::WelcomeController#index as HTML
  Rendered /usr/local/rvm/gems/ruby-2.0.0-p648@samurai/gems/railties-4.0.5/lib/rails/templates/rails/welcome/index.html.erb (0.1ms)
Completed 200 OK in 2ms (Views: 1.6ms | ActiveRecord: 0.0ms)


Started GET "/projects" for 126.158.51.175 at 2018-08-09 23:52:32 +0000
Processing by ProjectsController#index as HTML
  [1m[35mProject Load (0.3ms)[0m  SELECT "projects".* FROM "projects"
  Rendered projects/index.html.erb within layouts/application (4.8ms)
Completed 200 OK in 826ms (Views: 824.4ms | ActiveRecord: 0.5ms)


Started GET "/assets/application.css?body=1" for 126.158.51.175 at 2018-08-09 23:52:33 +0000


Started GET "/assets/application.js?body=1" for 126.158.51.175 at 2018-08-09 23:52:33 +0000


Started GET "/assets/projects.css?body=1" for 126.158.51.175 at 2018-08-09 23:52:33 +0000


Started GET "/assets/turbolinks.js?body=1" for 126.158.51.175 at 2018-08-09 23:52:33 +0000


Started GET "/assets/jquery_ujs.js?body=1" for 126.158.51.175 at 2018-08-09 23:52:33 +0000


Started GET "/assets/jquery.js?body=1" for 126.158.51.175 at 2018-08-09 23:52:33 +0000


Started GET "/assets/projects.js?body=1" for 126.158.51.175 at 2018-08-09 23:52:33 +0000


Started GET "/" for 126.175.41.141 at 2018-08-15 11:58:02 +0000
  [1m[36mActiveRecord::SchemaMigration Load (0.1ms)[0m  [1mSELECT "schema_migrations".* FROM "schema_migrations"[0m
Processing by ProjectsController#index as HTML
  [1m[35mProject Load (0.1ms)[0m  SELECT "projects".* FROM "projects"
  Rendered projects/index.html.erb within layouts/application (5.8ms)
Completed 200 OK in 75ms (Views: 65.0ms | ActiveRecord: 0.5ms)


Started GET "/assets/application.css?body=1" for 126.175.41.141 at 2018-08-15 11:58:02 +0000


Started GET "/assets/jquery_ujs.js?body=1" for 126.175.41.141 at 2018-08-15 11:58:02 +0000


Started GET "/assets/application.js?body=1" for 126.175.41.141 at 2018-08-15 11:58:02 +0000


Started GET "/assets/jquery.js?body=1" for 126.175.41.141 at 2018-08-15 11:58:02 +0000


Started GET "/assets/projects.js?body=1" for 126.175.41.141 at 2018-08-15 11:58:02 +0000


Started GET "/assets/projects.css?body=1" for 126.175.41.141 at 2018-08-15 11:58:02 +0000


Started GET "/assets/turbolinks.js?body=1" for 126.175.41.141 at 2018-08-15 11:58:02 +0000


Started GET "/" for 126.175.41.141 at 2018-08-15 12:02:42 +0000
Processing by ProjectsController#index as HTML
  [1m[36mProject Load (0.1ms)[0m  [1mSELECT "projects".* FROM "projects"[0m
  Rendered projects/index.html.erb within layouts/application (1.0ms)
Completed 200 OK in 5ms (Views: 4.1ms | ActiveRecord: 0.1ms)


Started GET "/assets/application.css?body=1" for 126.175.41.141 at 2018-08-15 12:02:43 +0000


Started GET "/assets/projects.css?body=1" for 126.175.41.141 at 2018-08-15 12:02:43 +0000


Started GET "/" for 126.175.41.141 at 2018-08-15 12:03:38 +0000
  [1m[36mActiveRecord::SchemaMigration Load (0.1ms)[0m  [1mSELECT "schema_migrations".* FROM "schema_migrations"[0m
Processing by ProjectsController#index as HTML
  [1m[35mProject Load (0.1ms)[0m  SELECT "projects".* FROM "projects"
  Rendered projects/index.html.erb within layouts/application (5.2ms)
Completed 200 OK in 54ms (Views: 45.3ms | ActiveRecord: 0.4ms)


Started GET "/assets/application.css?body=1" for 126.175.41.141 at 2018-08-15 12:03:39 +0000


Started GET "/assets/jquery_ujs.js?body=1" for 126.175.41.141 at 2018-08-15 12:03:39 +0000


Started GET "/assets/jquery.js?body=1" for 126.175.41.141 at 2018-08-15 12:03:39 +0000


Started GET "/assets/projects.css?body=1" for 126.175.41.141 at 2018-08-15 12:03:39 +0000


Started GET "/assets/turbolinks.js?body=1" for 126.175.41.141 at 2018-08-15 12:03:39 +0000


Started GET "/assets/projects.js?body=1" for 126.175.41.141 at 2018-08-15 12:03:39 +0000


Started GET "/assets/application.js?body=1" for 126.175.41.141 at 2018-08-15 12:03:39 +0000


Started GET "/" for 126.175.41.141 at 2018-08-15 12:06:03 +0000
Processing by ProjectsController#index as HTML
  [1m[36mProject Load (0.2ms)[0m  [1mSELECT "projects".* FROM "projects"[0m
  Rendered projects/index.html.erb within layouts/application (1.0ms)
Completed 200 OK in 10ms (Views: 8.6ms | ActiveRecord: 0.2ms)


Started GET "/assets/projects.css?body=1" for 126.175.41.141 at 2018-08-15 12:06:03 +0000


Started GET "/assets/application.css?body=1" for 126.175.41.141 at 2018-08-15 12:06:03 +0000


Started GET "/assets/jquery_ujs.js?body=1" for 126.175.41.141 at 2018-08-15 12:06:03 +0000


Started GET "/assets/jquery.js?body=1" for 126.175.41.141 at 2018-08-15 12:06:03 +0000


Started GET "/assets/application.js?body=1" for 126.175.41.141 at 2018-08-15 12:06:03 +0000


Started GET "/assets/projects.js?body=1" for 126.175.41.141 at 2018-08-15 12:06:03 +0000


Started GET "/assets/turbolinks.js?body=1" for 126.175.41.141 at 2018-08-15 12:06:03 +0000


Started GET "/" for 126.175.41.141 at 2018-08-15 12:07:08 +0000
Processing by ProjectsController#index as HTML
  [1m[35mProject Load (0.1ms)[0m  SELECT "projects".* FROM "projects"
  Rendered projects/index.html.erb within layouts/application (0.8ms)
Completed 200 OK in 7ms (Views: 6.4ms | ActiveRecord: 0.1ms)


Started GET "/assets/application.css?body=1" for 126.175.41.141 at 2018-08-15 12:07:08 +0000


Started GET "/assets/projects.css?body=1" for 126.175.41.141 at 2018-08-15 12:07:08 +0000


Started GET "/assets/logo.png" for 126.175.41.141 at 2018-08-15 12:07:08 +0000


Started GET "/assets/application.js?body=1" for 126.175.41.141 at 2018-08-15 12:07:08 +0000


Started GET "/assets/projects.js?body=1" for 126.175.41.141 at 2018-08-15 12:07:08 +0000


Started GET "/assets/jquery.js?body=1" for 126.175.41.141 at 2018-08-15 12:07:08 +0000


Started GET "/assets/jquery_ujs.js?body=1" for 126.175.41.141 at 2018-08-15 12:07:08 +0000


Started GET "/assets/turbolinks.js?body=1" for 126.175.41.141 at 2018-08-15 12:07:08 +0000


Started GET "/" for 126.175.41.141 at 2018-08-15 12:07:13 +0000
Processing by ProjectsController#index as HTML
  [1m[36mProject Load (0.2ms)[0m  [1mSELECT "projects".* FROM "projects"[0m
  Rendered projects/index.html.erb within layouts/application (1.0ms)
Completed 200 OK in 5ms (Views: 4.5ms | ActiveRecord: 0.2ms)


Started GET "/assets/application.css?body=1" for 126.175.41.141 at 2018-08-15 12:07:14 +0000


Started GET "/assets/application.js?body=1" for 126.175.41.141 at 2018-08-15 12:07:14 +0000


Started GET "/assets/projects.js?body=1" for 126.175.41.141 at 2018-08-15 12:07:14 +0000


Started GET "/assets/turbolinks.js?body=1" for 126.175.41.141 at 2018-08-15 12:07:14 +0000


Started GET "/assets/jquery_ujs.js?body=1" for 126.175.41.141 at 2018-08-15 12:07:14 +0000


Started GET "/assets/jquery.js?body=1" for 126.175.41.141 at 2018-08-15 12:07:14 +0000


Started GET "/assets/projects.css?body=1" for 126.175.41.141 at 2018-08-15 12:07:14 +0000


Started GET "/" for 126.175.41.141 at 2018-08-15 12:07:26 +0000
  [1m[36mActiveRecord::SchemaMigration Load (0.1ms)[0m  [1mSELECT "schema_migrations".* FROM "schema_migrations"[0m
Processing by ProjectsController#index as HTML
  [1m[35mProject Load (0.2ms)[0m  SELECT "projects".* FROM "projects"
  Rendered projects/index.html.erb within layouts/application (5.6ms)
Completed 200 OK in 57ms (Views: 48.3ms | ActiveRecord: 0.4ms)


Started GET "/assets/turbolinks.js?body=1" for 126.175.41.141 at 2018-08-15 12:07:27 +0000


Started GET "/assets/jquery_ujs.js?body=1" for 126.175.41.141 at 2018-08-15 12:07:27 +0000


Started GET "/assets/jquery.js?body=1" for 126.175.41.141 at 2018-08-15 12:07:27 +0000


Started GET "/assets/projects.css?body=1" for 126.175.41.141 at 2018-08-15 12:07:27 +0000


Started GET "/assets/application.css?body=1" for 126.175.41.141 at 2018-08-15 12:07:27 +0000


Started GET "/assets/projects.js?body=1" for 126.175.41.141 at 2018-08-15 12:07:27 +0000


Started GET "/assets/application.js?body=1" for 126.175.41.141 at 2018-08-15 12:07:27 +0000


Started GET "/" for 126.175.41.141 at 2018-08-15 12:08:01 +0000
Processing by ProjectsController#index as HTML
  [1m[36mProject Load (0.2ms)[0m  [1mSELECT "projects".* FROM "projects"[0m
  Rendered projects/index.html.erb within layouts/application (1.0ms)
Completed 200 OK in 6ms (Views: 4.8ms | ActiveRecord: 0.2ms)


Started GET "/assets/jquery.js?body=1" for 126.175.41.141 at 2018-08-15 12:08:02 +0000


Started GET "/assets/projects.css?body=1" for 126.175.41.141 at 2018-08-15 12:08:02 +0000


Started GET "/assets/application.css?body=1" for 126.175.41.141 at 2018-08-15 12:08:02 +0000


Started GET "/assets/logo.png" for 126.175.41.141 at 2018-08-15 12:08:02 +0000


Started GET "/assets/application.js?body=1" for 126.175.41.141 at 2018-08-15 12:08:02 +0000


Started GET "/assets/projects.js?body=1" for 126.175.41.141 at 2018-08-15 12:08:02 +0000


Started GET "/assets/turbolinks.js?body=1" for 126.175.41.141 at 2018-08-15 12:08:02 +0000


Started GET "/assets/jquery_ujs.js?body=1" for 126.175.41.141 at 2018-08-15 12:08:02 +0000


Started GET "/projects" for 126.175.41.141 at 2018-08-15 12:08:04 +0000
Processing by ProjectsController#index as HTML
  [1m[35mProject Load (0.2ms)[0m  SELECT "projects".* FROM "projects"
  Rendered projects/index.html.erb within layouts/application (1.4ms)
Completed 200 OK in 6ms (Views: 5.1ms | ActiveRecord: 0.2ms)


Started GET "/projects" for 126.175.41.141 at 2018-08-15 12:08:07 +0000
Processing by ProjectsController#index as HTML
  [1m[36mProject Load (0.1ms)[0m  [1mSELECT "projects".* FROM "projects"[0m
  Rendered projects/index.html.erb within layouts/application (0.8ms)
Completed 200 OK in 5ms (Views: 4.1ms | ActiveRecord: 0.1ms)


Started GET "/projects" for 126.175.41.141 at 2018-08-15 12:08:41 +0000
Processing by ProjectsController#index as HTML
  [1m[35mProject Load (0.1ms)[0m  SELECT "projects".* FROM "projects"
  Rendered projects/index.html.erb within layouts/application (0.8ms)
Completed 500 Internal Server Error in 3ms

SyntaxError (/home/ec2-user/environment/workspace/taskpp/app/views/layouts/application.html.erb:15: syntax error, unexpected tIDENTIFIER, expecting ')'
...=( link_to "Home" projects_path );@output_buffer.safe_append...
...                               ^):
  actionpack (4.0.5) lib/action_view/template.rb:299:in `module_eval'
  actionpack (4.0.5) lib/action_view/template.rb:299:in `compile'
  actionpack (4.0.5) lib/action_view/template.rb:248:in `block in compile!'
  actionpack (4.0.5) lib/action_view/template.rb:236:in `synchronize'
  actionpack (4.0.5) lib/action_view/template.rb:236:in `compile!'
  actionpack (4.0.5) lib/action_view/template.rb:142:in `block in render'
  activesupport (4.0.5) lib/active_support/notifications.rb:161:in `instrument'
  actionpack (4.0.5) lib/action_view/template.rb:141:in `render'
  actionpack (4.0.5) lib/action_view/renderer/template_renderer.rb:61:in `render_with_layout'
  actionpack (4.0.5) lib/action_view/renderer/template_renderer.rb:47:in `render_template'
  actionpack (4.0.5) lib/action_view/renderer/template_renderer.rb:17:in `render'
  actionpack (4.0.5) lib/action_view/renderer/renderer.rb:42:in `render_template'
  actionpack (4.0.5) lib/action_view/renderer/renderer.rb:23:in `render'
  actionpack (4.0.5) lib/abstract_controller/rendering.rb:127:in `_render_template'
  actionpack (4.0.5) lib/action_controller/metal/streaming.rb:219:in `_render_template'
  actionpack (4.0.5) lib/abstract_controller/rendering.rb:120:in `render_to_body'
  actionpack (4.0.5) lib/action_controller/metal/rendering.rb:33:in `render_to_body'
  actionpack (4.0.5) lib/action_controller/metal/renderers.rb:26:in `render_to_body'
  actionpack (4.0.5) lib/abstract_controller/rendering.rb:97:in `render'
  actionpack (4.0.5) lib/action_controller/metal/rendering.rb:16:in `render'
  actionpack (4.0.5) lib/action_controller/metal/instrumentation.rb:41:in `block (2 levels) in render'
  activesupport (4.0.5) lib/active_support/core_ext/benchmark.rb:12:in `block in ms'
  /usr/local/rvm/rubies/ruby-2.0.0-p648/lib/ruby/2.0.0/benchmark.rb:296:in `realtime'
  activesupport (4.0.5) lib/active_support/core_ext/benchmark.rb:12:in `ms'
  actionpack (4.0.5) lib/action_controller/metal/instrumentation.rb:41:in `block in render'
  actionpack (4.0.5) lib/action_controller/metal/instrumentation.rb:84:in `cleanup_view_runtime'
  activerecord (4.0.5) lib/active_record/railties/controller_runtime.rb:25:in `cleanup_view_runtime'
  actionpack (4.0.5) lib/action_controller/metal/instrumentation.rb:40:in `render'
  actionpack (4.0.5) lib/action_controller/metal/implicit_render.rb:10:in `default_render'
  actionpack (4.0.5) lib/action_controller/metal/implicit_render.rb:5:in `send_action'
  actionpack (4.0.5) lib/abstract_controller/base.rb:189:in `process_action'
  actionpack (4.0.5) lib/action_controller/metal/rendering.rb:10:in `process_action'
  actionpack (4.0.5) lib/abstract_controller/callbacks.rb:18:in `block in process_action'
  activesupport (4.0.5) lib/active_support/callbacks.rb:403:in `_run__2400638790786207878__process_action__callbacks'
  activesupport (4.0.5) lib/active_support/callbacks.rb:80:in `run_callbacks'
  actionpack (4.0.5) lib/abstract_controller/callbacks.rb:17:in `process_action'
  actionpack (4.0.5) lib/action_controller/metal/rescue.rb:29:in `process_action'
  actionpack (4.0.5) lib/action_controller/metal/instrumentation.rb:31:in `block in process_action'
  activesupport (4.0.5) lib/active_support/notifications.rb:159:in `block in instrument'
  activesupport (4.0.5) lib/active_support/notifications/instrumenter.rb:20:in `instrument'
  activesupport (4.0.5) lib/active_support/notifications.rb:159:in `instrument'
  actionpack (4.0.5) lib/action_controller/metal/instrumentation.rb:30:in `process_action'
  actionpack (4.0.5) lib/action_controller/metal/params_wrapper.rb:250:in `process_action'
  activerecord (4.0.5) lib/active_record/railties/controller_runtime.rb:18:in `process_action'
  actionpack (4.0.5) lib/abstract_controller/base.rb:136:in `process'
  actionpack (4.0.5) lib/abstract_controller/rendering.rb:44:in `process'
  actionpack (4.0.5) lib/action_controller/metal.rb:195:in `dispatch'
  actionpack (4.0.5) lib/action_controller/metal/rack_delegation.rb:13:in `dispatch'
  actionpack (4.0.5) lib/action_controller/metal.rb:231:in `block in action'
  actionpack (4.0.5) lib/action_dispatch/routing/route_set.rb:80:in `call'
  actionpack (4.0.5) lib/action_dispatch/routing/route_set.rb:80:in `dispatch'
  actionpack (4.0.5) lib/action_dispatch/routing/route_set.rb:48:in `call'
  actionpack (4.0.5) lib/action_dispatch/journey/router.rb:71:in `block in call'
  actionpack (4.0.5) lib/action_dispatch/journey/router.rb:59:in `each'
  actionpack (4.0.5) lib/action_dispatch/journey/router.rb:59:in `call'
  actionpack (4.0.5) lib/action_dispatch/routing/route_set.rb:674:in `call'
  rack (1.5.5) lib/rack/etag.rb:23:in `call'
  rack (1.5.5) lib/rack/conditionalget.rb:25:in `call'
  rack (1.5.5) lib/rack/head.rb:11:in `call'
  actionpack (4.0.5) lib/action_dispatch/middleware/params_parser.rb:27:in `call'
  actionpack (4.0.5) lib/action_dispatch/middleware/flash.rb:241:in `call'
  rack (1.5.5) lib/rack/session/abstract/id.rb:225:in `context'
  rack (1.5.5) lib/rack/session/abstract/id.rb:220:in `call'
  actionpack (4.0.5) lib/action_dispatch/middleware/cookies.rb:486:in `call'
  activerecord (4.0.5) lib/active_record/query_cache.rb:36:in `call'
  activerecord (4.0.5) lib/active_record/connection_adapters/abstract/connection_pool.rb:626:in `call'
  activerecord (4.0.5) lib/active_record/migration.rb:373:in `call'
  actionpack (4.0.5) lib/action_dispatch/middleware/callbacks.rb:29:in `block in call'
  activesupport (4.0.5) lib/active_support/callbacks.rb:373:in `_run__3392889308108649578__call__callbacks'
  activesupport (4.0.5) lib/active_support/callbacks.rb:80:in `run_callbacks'
  actionpack (4.0.5) lib/action_dispatch/middleware/callbacks.rb:27:in `call'
  actionpack (4.0.5) lib/action_dispatch/middleware/reloader.rb:64:in `call'
  actionpack (4.0.5) lib/action_dispatch/middleware/remote_ip.rb:76:in `call'
  actionpack (4.0.5) lib/action_dispatch/middleware/debug_exceptions.rb:17:in `call'
  actionpack (4.0.5) lib/action_dispatch/middleware/show_exceptions.rb:30:in `call'
  railties (4.0.5) lib/rails/rack/logger.rb:38:in `call_app'
  railties (4.0.5) lib/rails/rack/logger.rb:20:in `block in call'
  activesupport (4.0.5) lib/active_support/tagged_logging.rb:68:in `block in tagged'
  activesupport (4.0.5) lib/active_support/tagged_logging.rb:26:in `tagged'
  activesupport (4.0.5) lib/active_support/tagged_logging.rb:68:in `tagged'
  railties (4.0.5) lib/rails/rack/logger.rb:20:in `call'
  actionpack (4.0.5) lib/action_dispatch/middleware/request_id.rb:21:in `call'
  rack (1.5.5) lib/rack/methodoverride.rb:21:in `call'
  rack (1.5.5) lib/rack/runtime.rb:17:in `call'
  activesupport (4.0.5) lib/active_support/cache/strategy/local_cache.rb:83:in `call'
  rack (1.5.5) lib/rack/lock.rb:17:in `call'
  actionpack (4.0.5) lib/action_dispatch/middleware/static.rb:64:in `call'
  rack (1.5.5) lib/rack/sendfile.rb:112:in `call'
  railties (4.0.5) lib/rails/engine.rb:511:in `call'
  railties (4.0.5) lib/rails/application.rb:97:in `call'
  rack (1.5.5) lib/rack/lock.rb:17:in `call'
  rack (1.5.5) lib/rack/content_length.rb:14:in `call'
  rack (1.5.5) lib/rack/handler/webrick.rb:60:in `service'
  /usr/local/rvm/rubies/ruby-2.0.0-p648/lib/ruby/2.0.0/webrick/httpserver.rb:138:in `service'
  /usr/local/rvm/rubies/ruby-2.0.0-p648/lib/ruby/2.0.0/webrick/httpserver.rb:94:in `run'
  /usr/local/rvm/rubies/ruby-2.0.0-p648/lib/ruby/2.0.0/webrick/server.rb:295:in `block in start_thread'


  Rendered /usr/local/rvm/gems/ruby-2.0.0-p648@samurai/gems/actionpack-4.0.5/lib/action_dispatch/middleware/templates/rescues/_source.erb (0.5ms)
  Rendered /usr/local/rvm/gems/ruby-2.0.0-p648@samurai/gems/actionpack-4.0.5/lib/action_dispatch/middleware/templates/rescues/_trace.erb (0.9ms)
  Rendered /usr/local/rvm/gems/ruby-2.0.0-p648@samurai/gems/actionpack-4.0.5/lib/action_dispatch/middleware/templates/rescues/_request_and_response.erb (0.8ms)
  Rendered /usr/local/rvm/gems/ruby-2.0.0-p648@samurai/gems/actionpack-4.0.5/lib/action_dispatch/middleware/templates/rescues/diagnostics.erb within rescues/layout (14.0ms)


Started GET "/projects" for 126.175.41.141 at 2018-08-15 12:09:06 +0000
Processing by ProjectsController#index as HTML
  [1m[36mProject Load (0.2ms)[0m  [1mSELECT "projects".* FROM "projects"[0m
  Rendered projects/index.html.erb within layouts/application (1.1ms)
Completed 200 OK in 6ms (Views: 4.7ms | ActiveRecord: 0.2ms)


Started GET "/assets/application.css?body=1" for 126.175.41.141 at 2018-08-15 12:09:07 +0000


Started GET "/assets/projects.css?body=1" for 126.175.41.141 at 2018-08-15 12:09:07 +0000


Started GET "/assets/turbolinks.js?body=1" for 126.175.41.141 at 2018-08-15 12:09:07 +0000


Started GET "/assets/jquery_ujs.js?body=1" for 126.175.41.141 at 2018-08-15 12:09:07 +0000


Started GET "/assets/jquery.js?body=1" for 126.175.41.141 at 2018-08-15 12:09:07 +0000


Started GET "/assets/application.js?body=1" for 126.175.41.141 at 2018-08-15 12:09:07 +0000


Started GET "/assets/projects.js?body=1" for 126.175.41.141 at 2018-08-15 12:09:07 +0000


Started GET "/assets/logo.png" for 126.175.41.141 at 2018-08-15 12:09:07 +0000


Started GET "/projects" for 126.175.41.141 at 2018-08-15 12:09:09 +0000
Processing by ProjectsController#index as HTML
  [1m[35mProject Load (0.1ms)[0m  SELECT "projects".* FROM "projects"
  Rendered projects/index.html.erb within layouts/application (0.9ms)
Completed 200 OK in 5ms (Views: 4.3ms | ActiveRecord: 0.1ms)


Started GET "/projects" for 126.175.41.141 at 2018-08-15 12:09:12 +0000
Processing by ProjectsController#index as HTML
  [1m[36mProject Load (0.1ms)[0m  [1mSELECT "projects".* FROM "projects"[0m
  Rendered projects/index.html.erb within layouts/application (0.8ms)
Completed 200 OK in 4ms (Views: 3.8ms | ActiveRecord: 0.1ms)


Started GET "/" for 126.175.41.141 at 2018-08-15 12:14:34 +0000
  [1m[36mActiveRecord::SchemaMigration Load (0.1ms)[0m  [1mSELECT "schema_migrations".* FROM "schema_migrations"[0m
Processing by ProjectsController#index as HTML
  [1m[35mProject Load (0.1ms)[0m  SELECT "projects".* FROM "projects"
  Rendered projects/index.html.erb within layouts/application (5.2ms)
Completed 200 OK in 58ms (Views: 48.7ms | ActiveRecord: 0.4ms)


Started GET "/assets/application.css?body=1" for 126.175.41.141 at 2018-08-15 12:14:35 +0000


Started GET "/assets/jquery.js?body=1" for 126.175.41.141 at 2018-08-15 12:14:35 +0000


Started GET "/assets/projects.css?body=1" for 126.175.41.141 at 2018-08-15 12:14:35 +0000


Started GET "/assets/projects.js?body=1" for 126.175.41.141 at 2018-08-15 12:14:35 +0000


Started GET "/assets/application.js?body=1" for 126.175.41.141 at 2018-08-15 12:14:35 +0000


Started GET "/assets/turbolinks.js?body=1" for 126.175.41.141 at 2018-08-15 12:14:35 +0000


Started GET "/assets/jquery_ujs.js?body=1" for 126.175.41.141 at 2018-08-15 12:14:35 +0000


Started GET "/assets/logo.png" for 126.175.41.141 at 2018-08-15 12:14:35 +0000


Started GET "/" for 126.175.41.141 at 2018-08-15 12:16:51 +0000
Processing by ProjectsController#index as HTML
  [1m[36mProject Load (0.2ms)[0m  [1mSELECT "projects".* FROM "projects"[0m
  Rendered projects/index.html.erb within layouts/application (8.2ms)
Completed 500 Internal Server Error in 10ms

ActionView::Template::Error (undefined local variable or method `project_id' for #<#<Class:0x00000002f75178>:0x007f893075b140>):
    2: 
    3: <ul>
    4:     <% @projects.each do |project| %>
    5:     <li><%= link_to project.title, project_path(project_id) %></li>
    6:     <% end %>
    7: </ul>
  app/views/projects/index.html.erb:5:in `block in _app_views_projects_index_html_erb___2706372142032103721_70113600130640'
  app/views/projects/index.html.erb:4:in `_app_views_projects_index_html_erb___2706372142032103721_70113600130640'


  Rendered /usr/local/rvm/gems/ruby-2.0.0-p648@samurai/gems/actionpack-4.0.5/lib/action_dispatch/middleware/templates/rescues/_trace.erb (0.9ms)
  Rendered /usr/local/rvm/gems/ruby-2.0.0-p648@samurai/gems/actionpack-4.0.5/lib/action_dispatch/middleware/templates/rescues/_request_and_response.erb (0.8ms)
  Rendered /usr/local/rvm/gems/ruby-2.0.0-p648@samurai/gems/actionpack-4.0.5/lib/action_dispatch/middleware/templates/rescues/template_error.erb within rescues/layout (8.6ms)


Started GET "/" for 126.175.41.141 at 2018-08-15 12:17:50 +0000
Processing by ProjectsController#index as HTML
  [1m[35mProject Load (0.2ms)[0m  SELECT "projects".* FROM "projects"
  Rendered projects/index.html.erb within layouts/application (1.6ms)
Completed 200 OK in 5ms (Views: 4.6ms | ActiveRecord: 0.2ms)


Started GET "/assets/projects.css?body=1" for 126.175.41.141 at 2018-08-15 12:17:51 +0000


Started GET "/assets/application.css?body=1" for 126.175.41.141 at 2018-08-15 12:17:51 +0000


Started GET "/assets/application.js?body=1" for 126.175.41.141 at 2018-08-15 12:17:51 +0000


Started GET "/assets/logo.png" for 126.175.41.141 at 2018-08-15 12:17:51 +0000


Started GET "/assets/projects.js?body=1" for 126.175.41.141 at 2018-08-15 12:17:51 +0000


Started GET "/assets/turbolinks.js?body=1" for 126.175.41.141 at 2018-08-15 12:17:51 +0000


Started GET "/assets/jquery_ujs.js?body=1" for 126.175.41.141 at 2018-08-15 12:17:51 +0000


Started GET "/assets/jquery.js?body=1" for 126.175.41.141 at 2018-08-15 12:17:51 +0000


Started GET "/projects/1" for 126.175.41.141 at 2018-08-15 12:17:53 +0000

AbstractController::ActionNotFound (The action 'show' could not be found for ProjectsController):
  actionpack (4.0.5) lib/abstract_controller/base.rb:131:in `process'
  actionpack (4.0.5) lib/abstract_controller/rendering.rb:44:in `process'
  actionpack (4.0.5) lib/action_controller/metal.rb:195:in `dispatch'
  actionpack (4.0.5) lib/action_controller/metal/rack_delegation.rb:13:in `dispatch'
  actionpack (4.0.5) lib/action_controller/metal.rb:231:in `block in action'
  actionpack (4.0.5) lib/action_dispatch/routing/route_set.rb:80:in `call'
  actionpack (4.0.5) lib/action_dispatch/routing/route_set.rb:80:in `dispatch'
  actionpack (4.0.5) lib/action_dispatch/routing/route_set.rb:48:in `call'
  actionpack (4.0.5) lib/action_dispatch/journey/router.rb:71:in `block in call'
  actionpack (4.0.5) lib/action_dispatch/journey/router.rb:59:in `each'
  actionpack (4.0.5) lib/action_dispatch/journey/router.rb:59:in `call'
  actionpack (4.0.5) lib/action_dispatch/routing/route_set.rb:674:in `call'
  rack (1.5.5) lib/rack/etag.rb:23:in `call'
  rack (1.5.5) lib/rack/conditionalget.rb:25:in `call'
  rack (1.5.5) lib/rack/head.rb:11:in `call'
  actionpack (4.0.5) lib/action_dispatch/middleware/params_parser.rb:27:in `call'
  actionpack (4.0.5) lib/action_dispatch/middleware/flash.rb:241:in `call'
  rack (1.5.5) lib/rack/session/abstract/id.rb:225:in `context'
  rack (1.5.5) lib/rack/session/abstract/id.rb:220:in `call'
  actionpack (4.0.5) lib/action_dispatch/middleware/cookies.rb:486:in `call'
  activerecord (4.0.5) lib/active_record/query_cache.rb:36:in `call'
  activerecord (4.0.5) lib/active_record/connection_adapters/abstract/connection_pool.rb:626:in `call'
  activerecord (4.0.5) lib/active_record/migration.rb:373:in `call'
  actionpack (4.0.5) lib/action_dispatch/middleware/callbacks.rb:29:in `block in call'
  activesupport (4.0.5) lib/active_support/callbacks.rb:373:in `_run__1521440953294371473__call__callbacks'
  activesupport (4.0.5) lib/active_support/callbacks.rb:80:in `run_callbacks'
  actionpack (4.0.5) lib/action_dispatch/middleware/callbacks.rb:27:in `call'
  actionpack (4.0.5) lib/action_dispatch/middleware/reloader.rb:64:in `call'
  actionpack (4.0.5) lib/action_dispatch/middleware/remote_ip.rb:76:in `call'
  actionpack (4.0.5) lib/action_dispatch/middleware/debug_exceptions.rb:17:in `call'
  actionpack (4.0.5) lib/action_dispatch/middleware/show_exceptions.rb:30:in `call'
  railties (4.0.5) lib/rails/rack/logger.rb:38:in `call_app'
  railties (4.0.5) lib/rails/rack/logger.rb:20:in `block in call'
  activesupport (4.0.5) lib/active_support/tagged_logging.rb:68:in `block in tagged'
  activesupport (4.0.5) lib/active_support/tagged_logging.rb:26:in `tagged'
  activesupport (4.0.5) lib/active_support/tagged_logging.rb:68:in `tagged'
  railties (4.0.5) lib/rails/rack/logger.rb:20:in `call'
  actionpack (4.0.5) lib/action_dispatch/middleware/request_id.rb:21:in `call'
  rack (1.5.5) lib/rack/methodoverride.rb:21:in `call'
  rack (1.5.5) lib/rack/runtime.rb:17:in `call'
  activesupport (4.0.5) lib/active_support/cache/strategy/local_cache.rb:83:in `call'
  rack (1.5.5) lib/rack/lock.rb:17:in `call'
  actionpack (4.0.5) lib/action_dispatch/middleware/static.rb:64:in `call'
  rack (1.5.5) lib/rack/sendfile.rb:112:in `call'
  railties (4.0.5) lib/rails/engine.rb:511:in `call'
  railties (4.0.5) lib/rails/application.rb:97:in `call'
  rack (1.5.5) lib/rack/lock.rb:17:in `call'
  rack (1.5.5) lib/rack/content_length.rb:14:in `call'
  rack (1.5.5) lib/rack/handler/webrick.rb:60:in `service'
  /usr/local/rvm/rubies/ruby-2.0.0-p648/lib/ruby/2.0.0/webrick/httpserver.rb:138:in `service'
  /usr/local/rvm/rubies/ruby-2.0.0-p648/lib/ruby/2.0.0/webrick/httpserver.rb:94:in `run'
  /usr/local/rvm/rubies/ruby-2.0.0-p648/lib/ruby/2.0.0/webrick/server.rb:295:in `block in start_thread'


  Rendered /usr/local/rvm/gems/ruby-2.0.0-p648@samurai/gems/actionpack-4.0.5/lib/action_dispatch/middleware/templates/rescues/unknown_action.erb within rescues/layout (0.4ms)


Started GET "/projects/1" for 126.175.41.141 at 2018-08-15 12:17:53 +0000

AbstractController::ActionNotFound (The action 'show' could not be found for ProjectsController):
  actionpack (4.0.5) lib/abstract_controller/base.rb:131:in `process'
  actionpack (4.0.5) lib/abstract_controller/rendering.rb:44:in `process'
  actionpack (4.0.5) lib/action_controller/metal.rb:195:in `dispatch'
  actionpack (4.0.5) lib/action_controller/metal/rack_delegation.rb:13:in `dispatch'
  actionpack (4.0.5) lib/action_controller/metal.rb:231:in `block in action'
  actionpack (4.0.5) lib/action_dispatch/routing/route_set.rb:80:in `call'
  actionpack (4.0.5) lib/action_dispatch/routing/route_set.rb:80:in `dispatch'
  actionpack (4.0.5) lib/action_dispatch/routing/route_set.rb:48:in `call'
  actionpack (4.0.5) lib/action_dispatch/journey/router.rb:71:in `block in call'
  actionpack (4.0.5) lib/action_dispatch/journey/router.rb:59:in `each'
  actionpack (4.0.5) lib/action_dispatch/journey/router.rb:59:in `call'
  actionpack (4.0.5) lib/action_dispatch/routing/route_set.rb:674:in `call'
  rack (1.5.5) lib/rack/etag.rb:23:in `call'
  rack (1.5.5) lib/rack/conditionalget.rb:25:in `call'
  rack (1.5.5) lib/rack/head.rb:11:in `call'
  actionpack (4.0.5) lib/action_dispatch/middleware/params_parser.rb:27:in `call'
  actionpack (4.0.5) lib/action_dispatch/middleware/flash.rb:241:in `call'
  rack (1.5.5) lib/rack/session/abstract/id.rb:225:in `context'
  rack (1.5.5) lib/rack/session/abstract/id.rb:220:in `call'
  actionpack (4.0.5) lib/action_dispatch/middleware/cookies.rb:486:in `call'
  activerecord (4.0.5) lib/active_record/query_cache.rb:36:in `call'
  activerecord (4.0.5) lib/active_record/connection_adapters/abstract/connection_pool.rb:626:in `call'
  activerecord (4.0.5) lib/active_record/migration.rb:373:in `call'
  actionpack (4.0.5) lib/action_dispatch/middleware/callbacks.rb:29:in `block in call'
  activesupport (4.0.5) lib/active_support/callbacks.rb:373:in `_run__1521440953294371473__call__callbacks'
  activesupport (4.0.5) lib/active_support/callbacks.rb:80:in `run_callbacks'
  actionpack (4.0.5) lib/action_dispatch/middleware/callbacks.rb:27:in `call'
  actionpack (4.0.5) lib/action_dispatch/middleware/reloader.rb:64:in `call'
  actionpack (4.0.5) lib/action_dispatch/middleware/remote_ip.rb:76:in `call'
  actionpack (4.0.5) lib/action_dispatch/middleware/debug_exceptions.rb:17:in `call'
  actionpack (4.0.5) lib/action_dispatch/middleware/show_exceptions.rb:30:in `call'
  railties (4.0.5) lib/rails/rack/logger.rb:38:in `call_app'
  railties (4.0.5) lib/rails/rack/logger.rb:20:in `block in call'
  activesupport (4.0.5) lib/active_support/tagged_logging.rb:68:in `block in tagged'
  activesupport (4.0.5) lib/active_support/tagged_logging.rb:26:in `tagged'
  activesupport (4.0.5) lib/active_support/tagged_logging.rb:68:in `tagged'
  railties (4.0.5) lib/rails/rack/logger.rb:20:in `call'
  actionpack (4.0.5) lib/action_dispatch/middleware/request_id.rb:21:in `call'
  rack (1.5.5) lib/rack/methodoverride.rb:21:in `call'
  rack (1.5.5) lib/rack/runtime.rb:17:in `call'
  activesupport (4.0.5) lib/active_support/cache/strategy/local_cache.rb:83:in `call'
  rack (1.5.5) lib/rack/lock.rb:17:in `call'
  actionpack (4.0.5) lib/action_dispatch/middleware/static.rb:64:in `call'
  rack (1.5.5) lib/rack/sendfile.rb:112:in `call'
  railties (4.0.5) lib/rails/engine.rb:511:in `call'
  railties (4.0.5) lib/rails/application.rb:97:in `call'
  rack (1.5.5) lib/rack/lock.rb:17:in `call'
  rack (1.5.5) lib/rack/content_length.rb:14:in `call'
  rack (1.5.5) lib/rack/handler/webrick.rb:60:in `service'
  /usr/local/rvm/rubies/ruby-2.0.0-p648/lib/ruby/2.0.0/webrick/httpserver.rb:138:in `service'
  /usr/local/rvm/rubies/ruby-2.0.0-p648/lib/ruby/2.0.0/webrick/httpserver.rb:94:in `run'
  /usr/local/rvm/rubies/ruby-2.0.0-p648/lib/ruby/2.0.0/webrick/server.rb:295:in `block in start_thread'


  Rendered /usr/local/rvm/gems/ruby-2.0.0-p648@samurai/gems/actionpack-4.0.5/lib/action_dispatch/middleware/templates/rescues/unknown_action.erb within rescues/layout (0.4ms)


Started GET "/projects/1" for 126.175.41.141 at 2018-08-15 12:20:06 +0000
Processing by ProjectsController#show as HTML
  Parameters: {"id"=>"1"}
  [1m[36mProject Load (0.1ms)[0m  [1mSELECT "projects".* FROM "projects" WHERE "projects"."id" = ? LIMIT 1[0m  [["id", "1"]]
Completed 500 Internal Server Error in 8ms

ActionView::MissingTemplate (Missing template projects/show, application/show with {:locale=>[:en], :formats=>[:html], :handlers=>[:erb, :builder, :raw, :ruby, :jbuilder, :coffee]}. Searched in:
  * "/home/ec2-user/environment/workspace/taskpp/app/views"
):
  actionpack (4.0.5) lib/action_view/path_set.rb:46:in `find'
  actionpack (4.0.5) lib/action_view/lookup_context.rb:122:in `find'
  actionpack (4.0.5) lib/action_view/renderer/abstract_renderer.rb:18:in `find_template'
  actionpack (4.0.5) lib/action_view/renderer/template_renderer.rb:35:in `determine_template'
  actionpack (4.0.5) lib/action_view/renderer/template_renderer.rb:8:in `render'
  actionpack (4.0.5) lib/action_view/renderer/renderer.rb:42:in `render_template'
  actionpack (4.0.5) lib/action_view/renderer/renderer.rb:23:in `render'
  actionpack (4.0.5) lib/abstract_controller/rendering.rb:127:in `_render_template'
  actionpack (4.0.5) lib/action_controller/metal/streaming.rb:219:in `_render_template'
  actionpack (4.0.5) lib/abstract_controller/rendering.rb:120:in `render_to_body'
  actionpack (4.0.5) lib/action_controller/metal/rendering.rb:33:in `render_to_body'
  actionpack (4.0.5) lib/action_controller/metal/renderers.rb:26:in `render_to_body'
  actionpack (4.0.5) lib/abstract_controller/rendering.rb:97:in `render'
  actionpack (4.0.5) lib/action_controller/metal/rendering.rb:16:in `render'
  actionpack (4.0.5) lib/action_controller/metal/instrumentation.rb:41:in `block (2 levels) in render'
  activesupport (4.0.5) lib/active_support/core_ext/benchmark.rb:12:in `block in ms'
  /usr/local/rvm/rubies/ruby-2.0.0-p648/lib/ruby/2.0.0/benchmark.rb:296:in `realtime'
  activesupport (4.0.5) lib/active_support/core_ext/benchmark.rb:12:in `ms'
  actionpack (4.0.5) lib/action_controller/metal/instrumentation.rb:41:in `block in render'
  actionpack (4.0.5) lib/action_controller/metal/instrumentation.rb:84:in `cleanup_view_runtime'
  activerecord (4.0.5) lib/active_record/railties/controller_runtime.rb:25:in `cleanup_view_runtime'
  actionpack (4.0.5) lib/action_controller/metal/instrumentation.rb:40:in `render'
  actionpack (4.0.5) lib/action_controller/metal/implicit_render.rb:10:in `default_render'
  actionpack (4.0.5) lib/action_controller/metal/implicit_render.rb:5:in `send_action'
  actionpack (4.0.5) lib/abstract_controller/base.rb:189:in `process_action'
  actionpack (4.0.5) lib/action_controller/metal/rendering.rb:10:in `process_action'
  actionpack (4.0.5) lib/abstract_controller/callbacks.rb:18:in `block in process_action'
  activesupport (4.0.5) lib/active_support/callbacks.rb:403:in `_run__2573919436557697648__process_action__callbacks'
  activesupport (4.0.5) lib/active_support/callbacks.rb:80:in `run_callbacks'
  actionpack (4.0.5) lib/abstract_controller/callbacks.rb:17:in `process_action'
  actionpack (4.0.5) lib/action_controller/metal/rescue.rb:29:in `process_action'
  actionpack (4.0.5) lib/action_controller/metal/instrumentation.rb:31:in `block in process_action'
  activesupport (4.0.5) lib/active_support/notifications.rb:159:in `block in instrument'
  activesupport (4.0.5) lib/active_support/notifications/instrumenter.rb:20:in `instrument'
  activesupport (4.0.5) lib/active_support/notifications.rb:159:in `instrument'
  actionpack (4.0.5) lib/action_controller/metal/instrumentation.rb:30:in `process_action'
  actionpack (4.0.5) lib/action_controller/metal/params_wrapper.rb:250:in `process_action'
  activerecord (4.0.5) lib/active_record/railties/controller_runtime.rb:18:in `process_action'
  actionpack (4.0.5) lib/abstract_controller/base.rb:136:in `process'
  actionpack (4.0.5) lib/abstract_controller/rendering.rb:44:in `process'
  actionpack (4.0.5) lib/action_controller/metal.rb:195:in `dispatch'
  actionpack (4.0.5) lib/action_controller/metal/rack_delegation.rb:13:in `dispatch'
  actionpack (4.0.5) lib/action_controller/metal.rb:231:in `block in action'
  actionpack (4.0.5) lib/action_dispatch/routing/route_set.rb:80:in `call'
  actionpack (4.0.5) lib/action_dispatch/routing/route_set.rb:80:in `dispatch'
  actionpack (4.0.5) lib/action_dispatch/routing/route_set.rb:48:in `call'
  actionpack (4.0.5) lib/action_dispatch/journey/router.rb:71:in `block in call'
  actionpack (4.0.5) lib/action_dispatch/journey/router.rb:59:in `each'
  actionpack (4.0.5) lib/action_dispatch/journey/router.rb:59:in `call'
  actionpack (4.0.5) lib/action_dispatch/routing/route_set.rb:674:in `call'
  rack (1.5.5) lib/rack/etag.rb:23:in `call'
  rack (1.5.5) lib/rack/conditionalget.rb:25:in `call'
  rack (1.5.5) lib/rack/head.rb:11:in `call'
  actionpack (4.0.5) lib/action_dispatch/middleware/params_parser.rb:27:in `call'
  actionpack (4.0.5) lib/action_dispatch/middleware/flash.rb:241:in `call'
  rack (1.5.5) lib/rack/session/abstract/id.rb:225:in `context'
  rack (1.5.5) lib/rack/session/abstract/id.rb:220:in `call'
  actionpack (4.0.5) lib/action_dispatch/middleware/cookies.rb:486:in `call'
  activerecord (4.0.5) lib/active_record/query_cache.rb:36:in `call'
  activerecord (4.0.5) lib/active_record/connection_adapters/abstract/connection_pool.rb:626:in `call'
  activerecord (4.0.5) lib/active_record/migration.rb:373:in `call'
  actionpack (4.0.5) lib/action_dispatch/middleware/callbacks.rb:29:in `block in call'
  activesupport (4.0.5) lib/active_support/callbacks.rb:373:in `_run__1521440953294371473__call__callbacks'
  activesupport (4.0.5) lib/active_support/callbacks.rb:80:in `run_callbacks'
  actionpack (4.0.5) lib/action_dispatch/middleware/callbacks.rb:27:in `call'
  actionpack (4.0.5) lib/action_dispatch/middleware/reloader.rb:64:in `call'
  actionpack (4.0.5) lib/action_dispatch/middleware/remote_ip.rb:76:in `call'
  actionpack (4.0.5) lib/action_dispatch/middleware/debug_exceptions.rb:17:in `call'
  actionpack (4.0.5) lib/action_dispatch/middleware/show_exceptions.rb:30:in `call'
  railties (4.0.5) lib/rails/rack/logger.rb:38:in `call_app'
  railties (4.0.5) lib/rails/rack/logger.rb:20:in `block in call'
  activesupport (4.0.5) lib/active_support/tagged_logging.rb:68:in `block in tagged'
  activesupport (4.0.5) lib/active_support/tagged_logging.rb:26:in `tagged'
  activesupport (4.0.5) lib/active_support/tagged_logging.rb:68:in `tagged'
  railties (4.0.5) lib/rails/rack/logger.rb:20:in `call'
  actionpack (4.0.5) lib/action_dispatch/middleware/request_id.rb:21:in `call'
  rack (1.5.5) lib/rack/methodoverride.rb:21:in `call'
  rack (1.5.5) lib/rack/runtime.rb:17:in `call'
  activesupport (4.0.5) lib/active_support/cache/strategy/local_cache.rb:83:in `call'
  rack (1.5.5) lib/rack/lock.rb:17:in `call'
  actionpack (4.0.5) lib/action_dispatch/middleware/static.rb:64:in `call'
  rack (1.5.5) lib/rack/sendfile.rb:112:in `call'
  railties (4.0.5) lib/rails/engine.rb:511:in `call'
  railties (4.0.5) lib/rails/application.rb:97:in `call'
  rack (1.5.5) lib/rack/lock.rb:17:in `call'
  rack (1.5.5) lib/rack/content_length.rb:14:in `call'
  rack (1.5.5) lib/rack/handler/webrick.rb:60:in `service'
  /usr/local/rvm/rubies/ruby-2.0.0-p648/lib/ruby/2.0.0/webrick/httpserver.rb:138:in `service'
  /usr/local/rvm/rubies/ruby-2.0.0-p648/lib/ruby/2.0.0/webrick/httpserver.rb:94:in `run'
  /usr/local/rvm/rubies/ruby-2.0.0-p648/lib/ruby/2.0.0/webrick/server.rb:295:in `block in start_thread'


  Rendered /usr/local/rvm/gems/ruby-2.0.0-p648@samurai/gems/actionpack-4.0.5/lib/action_dispatch/middleware/templates/rescues/missing_template.erb within rescues/layout (0.4ms)


Started GET "/projects/1" for 126.175.41.141 at 2018-08-15 12:21:21 +0000
Processing by ProjectsController#show as HTML
  Parameters: {"id"=>"1"}
  [1m[35mProject Load (0.1ms)[0m  SELECT "projects".* FROM "projects" WHERE "projects"."id" = ? LIMIT 1  [["id", "1"]]
  Rendered projects/show.html.erb within layouts/application (6.5ms)
Completed 500 Internal Server Error in 10ms

ActionView::Template::Error (undefined local variable or method `project' for #<#<Class:0x007f89280082d8>:0x007f89309ba4e0>):
    1: <h1><%= project.title %></h1>
  app/views/projects/show.html.erb:1:in `_app_views_projects_show_html_erb__2750818180989169269_70113601374560'


  Rendered /usr/local/rvm/gems/ruby-2.0.0-p648@samurai/gems/actionpack-4.0.5/lib/action_dispatch/middleware/templates/rescues/_trace.erb (1.0ms)
  Rendered /usr/local/rvm/gems/ruby-2.0.0-p648@samurai/gems/actionpack-4.0.5/lib/action_dispatch/middleware/templates/rescues/_request_and_response.erb (0.8ms)
  Rendered /usr/local/rvm/gems/ruby-2.0.0-p648@samurai/gems/actionpack-4.0.5/lib/action_dispatch/middleware/templates/rescues/template_error.erb within rescues/layout (8.7ms)


Started GET "/projects/1" for 126.175.41.141 at 2018-08-15 12:21:45 +0000
Processing by ProjectsController#show as HTML
  Parameters: {"id"=>"1"}
  [1m[36mProject Load (0.1ms)[0m  [1mSELECT "projects".* FROM "projects" WHERE "projects"."id" = ? LIMIT 1[0m  [["id", "1"]]
  Rendered projects/show.html.erb within layouts/application (0.8ms)
Completed 500 Internal Server Error in 5ms

ActionView::Template::Error (undefined method `title' for nil:NilClass):
    1: <h1><%= @project.title %></h1>
  app/views/projects/show.html.erb:1:in `_app_views_projects_show_html_erb__2750818180989169269_70113600158000'


  Rendered /usr/local/rvm/gems/ruby-2.0.0-p648@samurai/gems/actionpack-4.0.5/lib/action_dispatch/middleware/templates/rescues/_trace.erb (0.9ms)
  Rendered /usr/local/rvm/gems/ruby-2.0.0-p648@samurai/gems/actionpack-4.0.5/lib/action_dispatch/middleware/templates/rescues/_request_and_response.erb (0.8ms)
  Rendered /usr/local/rvm/gems/ruby-2.0.0-p648@samurai/gems/actionpack-4.0.5/lib/action_dispatch/middleware/templates/rescues/template_error.erb within rescues/layout (8.9ms)


Started GET "/" for 126.175.41.141 at 2018-08-15 12:22:26 +0000
Processing by ProjectsController#index as HTML
  [1m[35mProject Load (0.2ms)[0m  SELECT "projects".* FROM "projects"
  Rendered projects/index.html.erb within layouts/application (1.2ms)
Completed 200 OK in 5ms (Views: 4.4ms | ActiveRecord: 0.2ms)


Started GET "/assets/application.css?body=1" for 126.175.41.141 at 2018-08-15 12:22:26 +0000


Started GET "/assets/projects.css?body=1" for 126.175.41.141 at 2018-08-15 12:22:26 +0000


Started GET "/assets/jquery_ujs.js?body=1" for 126.175.41.141 at 2018-08-15 12:22:26 +0000


Started GET "/assets/jquery.js?body=1" for 126.175.41.141 at 2018-08-15 12:22:26 +0000


Started GET "/assets/application.js?body=1" for 126.175.41.141 at 2018-08-15 12:22:26 +0000


Started GET "/assets/projects.js?body=1" for 126.175.41.141 at 2018-08-15 12:22:26 +0000


Started GET "/assets/logo.png" for 126.175.41.141 at 2018-08-15 12:22:26 +0000


Started GET "/assets/turbolinks.js?body=1" for 126.175.41.141 at 2018-08-15 12:22:26 +0000


Started GET "/projects/1" for 126.175.41.141 at 2018-08-15 12:22:29 +0000
Processing by ProjectsController#show as HTML
  Parameters: {"id"=>"1"}
  [1m[36mProject Load (0.1ms)[0m  [1mSELECT "projects".* FROM "projects" WHERE "projects"."id" = ? LIMIT 1[0m  [["id", "1"]]
  Rendered projects/show.html.erb within layouts/application (0.9ms)
Completed 500 Internal Server Error in 4ms

ActionView::Template::Error (undefined method `title' for nil:NilClass):
    1: <h1><%= @project.title %></h1>
  app/views/projects/show.html.erb:1:in `_app_views_projects_show_html_erb__2750818180989169269_70113600971180'


  Rendered /usr/local/rvm/gems/ruby-2.0.0-p648@samurai/gems/actionpack-4.0.5/lib/action_dispatch/middleware/templates/rescues/_trace.erb (0.8ms)
  Rendered /usr/local/rvm/gems/ruby-2.0.0-p648@samurai/gems/actionpack-4.0.5/lib/action_dispatch/middleware/templates/rescues/_request_and_response.erb (0.7ms)
  Rendered /usr/local/rvm/gems/ruby-2.0.0-p648@samurai/gems/actionpack-4.0.5/lib/action_dispatch/middleware/templates/rescues/template_error.erb within rescues/layout (8.4ms)


Started GET "/projects/1" for 126.175.41.141 at 2018-08-15 12:22:29 +0000
Processing by ProjectsController#show as HTML
  Parameters: {"id"=>"1"}
  [1m[35mProject Load (0.1ms)[0m  SELECT "projects".* FROM "projects" WHERE "projects"."id" = ? LIMIT 1  [["id", "1"]]
  Rendered projects/show.html.erb within layouts/application (0.5ms)
Completed 500 Internal Server Error in 4ms

ActionView::Template::Error (undefined method `title' for nil:NilClass):
    1: <h1><%= @project.title %></h1>
  app/views/projects/show.html.erb:1:in `_app_views_projects_show_html_erb__2750818180989169269_70113600158000'


  Rendered /usr/local/rvm/gems/ruby-2.0.0-p648@samurai/gems/actionpack-4.0.5/lib/action_dispatch/middleware/templates/rescues/_trace.erb (0.9ms)
  Rendered /usr/local/rvm/gems/ruby-2.0.0-p648@samurai/gems/actionpack-4.0.5/lib/action_dispatch/middleware/templates/rescues/_request_and_response.erb (0.7ms)
  Rendered /usr/local/rvm/gems/ruby-2.0.0-p648@samurai/gems/actionpack-4.0.5/lib/action_dispatch/middleware/templates/rescues/template_error.erb within rescues/layout (8.7ms)


Started GET "/projects/1" for 126.175.41.141 at 2018-08-15 12:23:08 +0000
Processing by ProjectsController#show as HTML
  Parameters: {"id"=>"1"}
  [1m[36mProject Load (0.2ms)[0m  [1mSELECT "projects".* FROM "projects" WHERE "projects"."id" = ? LIMIT 1[0m  [["id", "1"]]
  Rendered projects/show.html.erb within layouts/application (0.8ms)
Completed 500 Internal Server Error in 4ms

ActionView::Template::Error (undefined method `title' for nil:NilClass):
    1: <h1><%= @project.title %></h1>
  app/views/projects/show.html.erb:1:in `_app_views_projects_show_html_erb__2750818180989169269_70113601185620'


  Rendered /usr/local/rvm/gems/ruby-2.0.0-p648@samurai/gems/actionpack-4.0.5/lib/action_dispatch/middleware/templates/rescues/_trace.erb (0.9ms)
  Rendered /usr/local/rvm/gems/ruby-2.0.0-p648@samurai/gems/actionpack-4.0.5/lib/action_dispatch/middleware/templates/rescues/_request_and_response.erb (0.8ms)
  Rendered /usr/local/rvm/gems/ruby-2.0.0-p648@samurai/gems/actionpack-4.0.5/lib/action_dispatch/middleware/templates/rescues/template_error.erb within rescues/layout (8.3ms)


Started GET "/projects/2" for 126.175.41.141 at 2018-08-15 12:23:12 +0000
Processing by ProjectsController#show as HTML
  Parameters: {"id"=>"2"}
  [1m[35mProject Load (0.1ms)[0m  SELECT "projects".* FROM "projects" WHERE "projects"."id" = ? LIMIT 1  [["id", "2"]]
  Rendered projects/show.html.erb within layouts/application (0.5ms)
Completed 500 Internal Server Error in 4ms

ActionView::Template::Error (undefined method `title' for nil:NilClass):
    1: <h1><%= @project.title %></h1>
  app/views/projects/show.html.erb:1:in `_app_views_projects_show_html_erb__2750818180989169269_70113601185620'


  Rendered /usr/local/rvm/gems/ruby-2.0.0-p648@samurai/gems/actionpack-4.0.5/lib/action_dispatch/middleware/templates/rescues/_trace.erb (0.9ms)
  Rendered /usr/local/rvm/gems/ruby-2.0.0-p648@samurai/gems/actionpack-4.0.5/lib/action_dispatch/middleware/templates/rescues/_request_and_response.erb (0.8ms)
  Rendered /usr/local/rvm/gems/ruby-2.0.0-p648@samurai/gems/actionpack-4.0.5/lib/action_dispatch/middleware/templates/rescues/template_error.erb within rescues/layout (8.7ms)


Started GET "/projects/2" for 126.175.41.141 at 2018-08-15 12:25:39 +0000
Processing by ProjectsController#show as HTML
  Parameters: {"id"=>"2"}
  [1m[36mProject Load (0.1ms)[0m  [1mSELECT "projects".* FROM "projects" WHERE "projects"."id" = ? LIMIT 1[0m  [["id", "2"]]
  Rendered projects/show.html.erb within layouts/application (0.9ms)
Completed 500 Internal Server Error in 4ms

ActionView::Template::Error (undefined method `id' for nil:NilClass):
    1: <h1><%= @project.id %></h1>
  app/views/projects/show.html.erb:1:in `_app_views_projects_show_html_erb__2750818180989169269_29687140'


  Rendered /usr/local/rvm/gems/ruby-2.0.0-p648@samurai/gems/actionpack-4.0.5/lib/action_dispatch/middleware/templates/rescues/_trace.erb (1.0ms)
  Rendered /usr/local/rvm/gems/ruby-2.0.0-p648@samurai/gems/actionpack-4.0.5/lib/action_dispatch/middleware/templates/rescues/_request_and_response.erb (0.7ms)
  Rendered /usr/local/rvm/gems/ruby-2.0.0-p648@samurai/gems/actionpack-4.0.5/lib/action_dispatch/middleware/templates/rescues/template_error.erb within rescues/layout (30.4ms)


Started GET "/projects/2" for 126.175.41.141 at 2018-08-15 12:26:20 +0000
Processing by ProjectsController#show as HTML
  Parameters: {"id"=>"2"}
  [1m[35mProject Load (0.1ms)[0m  SELECT "projects".* FROM "projects" WHERE "projects"."id" = ? LIMIT 1  [["id", "2"]]
  Rendered projects/show.html.erb within layouts/application (0.1ms)
Completed 200 OK in 10ms (Views: 3.6ms | ActiveRecord: 0.5ms)


Started GET "/assets/application.css?body=1" for 126.175.41.141 at 2018-08-15 12:26:22 +0000


Started GET "/assets/projects.css?body=1" for 126.175.41.141 at 2018-08-15 12:26:22 +0000


Started GET "/assets/application.js?body=1" for 126.175.41.141 at 2018-08-15 12:26:22 +0000


Started GET "/assets/logo.png" for 126.175.41.141 at 2018-08-15 12:26:22 +0000


Started GET "/assets/projects.js?body=1" for 126.175.41.141 at 2018-08-15 12:26:22 +0000


Started GET "/assets/turbolinks.js?body=1" for 126.175.41.141 at 2018-08-15 12:26:22 +0000


Started GET "/assets/jquery_ujs.js?body=1" for 126.175.41.141 at 2018-08-15 12:26:22 +0000


Started GET "/assets/jquery.js?body=1" for 126.175.41.141 at 2018-08-15 12:26:22 +0000


Started GET "/" for 126.175.41.141 at 2018-08-15 12:26:31 +0000
Processing by ProjectsController#index as HTML
  [1m[36mProject Load (0.1ms)[0m  [1mSELECT "projects".* FROM "projects"[0m
  Rendered projects/index.html.erb within layouts/application (1.1ms)
Completed 200 OK in 5ms (Views: 4.1ms | ActiveRecord: 0.1ms)


Started GET "/assets/jquery_ujs.js?body=1" for 126.175.41.141 at 2018-08-15 12:26:32 +0000


Started GET "/assets/turbolinks.js?body=1" for 126.175.41.141 at 2018-08-15 12:26:32 +0000


Started GET "/assets/projects.css?body=1" for 126.175.41.141 at 2018-08-15 12:26:32 +0000


Started GET "/assets/jquery.js?body=1" for 126.175.41.141 at 2018-08-15 12:26:32 +0000


Started GET "/assets/application.css?body=1" for 126.175.41.141 at 2018-08-15 12:26:32 +0000


Started GET "/assets/application.js?body=1" for 126.175.41.141 at 2018-08-15 12:26:32 +0000


Started GET "/assets/logo.png" for 126.175.41.141 at 2018-08-15 12:26:32 +0000


Started GET "/assets/projects.js?body=1" for 126.175.41.141 at 2018-08-15 12:26:32 +0000


Started GET "/projects/1" for 126.175.41.141 at 2018-08-15 12:26:35 +0000
Processing by ProjectsController#show as HTML
  Parameters: {"id"=>"1"}
  [1m[35mProject Load (0.1ms)[0m  SELECT "projects".* FROM "projects" WHERE "projects"."id" = ? LIMIT 1  [["id", "1"]]
  Rendered projects/show.html.erb within layouts/application (0.4ms)
Completed 200 OK in 24ms (Views: 22.7ms | ActiveRecord: 0.1ms)


Started GET "/projects" for 126.175.41.141 at 2018-08-15 13:13:58 +0000
Processing by ProjectsController#index as HTML
  [1m[36mProject Load (0.2ms)[0m  [1mSELECT "projects".* FROM "projects"[0m
  Rendered projects/index.html.erb within layouts/application (1.7ms)
Completed 200 OK in 6ms (Views: 5.2ms | ActiveRecord: 0.2ms)


Started GET "/projects/1" for 126.175.41.141 at 2018-08-15 13:14:01 +0000
Processing by ProjectsController#show as HTML
  Parameters: {"id"=>"1"}
  [1m[35mProject Load (0.1ms)[0m  SELECT "projects".* FROM "projects" WHERE "projects"."id" = ? LIMIT 1  [["id", "1"]]
  Rendered projects/show.html.erb within layouts/application (0.4ms)
Completed 200 OK in 6ms (Views: 4.3ms | ActiveRecord: 0.1ms)


Started GET "/projects" for 126.175.41.141 at 2018-08-15 13:14:02 +0000
Processing by ProjectsController#index as HTML
  [1m[36mProject Load (0.1ms)[0m  [1mSELECT "projects".* FROM "projects"[0m
  Rendered projects/index.html.erb within layouts/application (1.2ms)
Completed 200 OK in 6ms (Views: 4.9ms | ActiveRecord: 0.1ms)


Started GET "/projects" for 126.175.41.141 at 2018-08-15 13:20:09 +0000

SyntaxError (/home/ec2-user/environment/workspace/taskpp/app/controllers/projects_controller.rb:14: syntax error, unexpected end-of-input, expecting keyword_end):
  activesupport (4.0.5) lib/active_support/dependencies.rb:424:in `load'
  activesupport (4.0.5) lib/active_support/dependencies.rb:424:in `block in load_file'
  activesupport (4.0.5) lib/active_support/dependencies.rb:616:in `new_constants_in'
  activesupport (4.0.5) lib/active_support/dependencies.rb:423:in `load_file'
  activesupport (4.0.5) lib/active_support/dependencies.rb:324:in `require_or_load'
  activesupport (4.0.5) lib/active_support/dependencies.rb:463:in `load_missing_constant'
  activesupport (4.0.5) lib/active_support/dependencies.rb:184:in `const_missing'
  activesupport (4.0.5) lib/active_support/inflector/methods.rb:226:in `const_get'
  activesupport (4.0.5) lib/active_support/inflector/methods.rb:226:in `block in constantize'
  activesupport (4.0.5) lib/active_support/inflector/methods.rb:224:in `each'
  activesupport (4.0.5) lib/active_support/inflector/methods.rb:224:in `inject'
  activesupport (4.0.5) lib/active_support/inflector/methods.rb:224:in `constantize'
  activesupport (4.0.5) lib/active_support/dependencies.rb:535:in `get'
  activesupport (4.0.5) lib/active_support/dependencies.rb:566:in `constantize'
  actionpack (4.0.5) lib/action_dispatch/routing/route_set.rb:76:in `controller_reference'
  actionpack (4.0.5) lib/action_dispatch/routing/route_set.rb:66:in `controller'
  actionpack (4.0.5) lib/action_dispatch/routing/route_set.rb:44:in `call'
  actionpack (4.0.5) lib/action_dispatch/journey/router.rb:71:in `block in call'
  actionpack (4.0.5) lib/action_dispatch/journey/router.rb:59:in `each'
  actionpack (4.0.5) lib/action_dispatch/journey/router.rb:59:in `call'
  actionpack (4.0.5) lib/action_dispatch/routing/route_set.rb:674:in `call'
  rack (1.5.5) lib/rack/etag.rb:23:in `call'
  rack (1.5.5) lib/rack/conditionalget.rb:25:in `call'
  rack (1.5.5) lib/rack/head.rb:11:in `call'
  actionpack (4.0.5) lib/action_dispatch/middleware/params_parser.rb:27:in `call'
  actionpack (4.0.5) lib/action_dispatch/middleware/flash.rb:241:in `call'
  rack (1.5.5) lib/rack/session/abstract/id.rb:225:in `context'
  rack (1.5.5) lib/rack/session/abstract/id.rb:220:in `call'
  actionpack (4.0.5) lib/action_dispatch/middleware/cookies.rb:486:in `call'
  activerecord (4.0.5) lib/active_record/query_cache.rb:36:in `call'
  activerecord (4.0.5) lib/active_record/connection_adapters/abstract/connection_pool.rb:626:in `call'
  activerecord (4.0.5) lib/active_record/migration.rb:373:in `call'
  actionpack (4.0.5) lib/action_dispatch/middleware/callbacks.rb:29:in `block in call'
  activesupport (4.0.5) lib/active_support/callbacks.rb:373:in `_run__1521440953294371473__call__callbacks'
  activesupport (4.0.5) lib/active_support/callbacks.rb:80:in `run_callbacks'
  actionpack (4.0.5) lib/action_dispatch/middleware/callbacks.rb:27:in `call'
  actionpack (4.0.5) lib/action_dispatch/middleware/reloader.rb:64:in `call'
  actionpack (4.0.5) lib/action_dispatch/middleware/remote_ip.rb:76:in `call'
  actionpack (4.0.5) lib/action_dispatch/middleware/debug_exceptions.rb:17:in `call'
  actionpack (4.0.5) lib/action_dispatch/middleware/show_exceptions.rb:30:in `call'
  railties (4.0.5) lib/rails/rack/logger.rb:38:in `call_app'
  railties (4.0.5) lib/rails/rack/logger.rb:20:in `block in call'
  activesupport (4.0.5) lib/active_support/tagged_logging.rb:68:in `block in tagged'
  activesupport (4.0.5) lib/active_support/tagged_logging.rb:26:in `tagged'
  activesupport (4.0.5) lib/active_support/tagged_logging.rb:68:in `tagged'
  railties (4.0.5) lib/rails/rack/logger.rb:20:in `call'
  actionpack (4.0.5) lib/action_dispatch/middleware/request_id.rb:21:in `call'
  rack (1.5.5) lib/rack/methodoverride.rb:21:in `call'
  rack (1.5.5) lib/rack/runtime.rb:17:in `call'
  activesupport (4.0.5) lib/active_support/cache/strategy/local_cache.rb:83:in `call'
  rack (1.5.5) lib/rack/lock.rb:17:in `call'
  actionpack (4.0.5) lib/action_dispatch/middleware/static.rb:64:in `call'
  rack (1.5.5) lib/rack/sendfile.rb:112:in `call'
  railties (4.0.5) lib/rails/engine.rb:511:in `call'
  railties (4.0.5) lib/rails/application.rb:97:in `call'
  rack (1.5.5) lib/rack/lock.rb:17:in `call'
  rack (1.5.5) lib/rack/content_length.rb:14:in `call'
  rack (1.5.5) lib/rack/handler/webrick.rb:60:in `service'
  /usr/local/rvm/rubies/ruby-2.0.0-p648/lib/ruby/2.0.0/webrick/httpserver.rb:138:in `service'
  /usr/local/rvm/rubies/ruby-2.0.0-p648/lib/ruby/2.0.0/webrick/httpserver.rb:94:in `run'
  /usr/local/rvm/rubies/ruby-2.0.0-p648/lib/ruby/2.0.0/webrick/server.rb:295:in `block in start_thread'


  Rendered /usr/local/rvm/gems/ruby-2.0.0-p648@samurai/gems/actionpack-4.0.5/lib/action_dispatch/middleware/templates/rescues/_source.erb (0.5ms)
  Rendered /usr/local/rvm/gems/ruby-2.0.0-p648@samurai/gems/actionpack-4.0.5/lib/action_dispatch/middleware/templates/rescues/_trace.erb (1.0ms)
  Rendered /usr/local/rvm/gems/ruby-2.0.0-p648@samurai/gems/actionpack-4.0.5/lib/action_dispatch/middleware/templates/rescues/_request_and_response.erb (23.5ms)
  Rendered /usr/local/rvm/gems/ruby-2.0.0-p648@samurai/gems/actionpack-4.0.5/lib/action_dispatch/middleware/templates/rescues/diagnostics.erb within rescues/layout (34.8ms)


Started GET "/" for 126.175.41.141 at 2018-08-15 13:21:16 +0000
  [1m[36mActiveRecord::SchemaMigration Load (0.1ms)[0m  [1mSELECT "schema_migrations".* FROM "schema_migrations"[0m
Processing by ProjectsController#index as HTML
  [1m[35mProject Load (0.1ms)[0m  SELECT "projects".* FROM "projects"
  Rendered projects/index.html.erb within layouts/application (5.5ms)
Completed 200 OK in 57ms (Views: 47.0ms | ActiveRecord: 0.4ms)


Started GET "/assets/application.css?body=1" for 126.175.41.141 at 2018-08-15 13:21:17 +0000


Started GET "/assets/projects.js?body=1" for 126.175.41.141 at 2018-08-15 13:21:17 +0000


Started GET "/assets/turbolinks.js?body=1" for 126.175.41.141 at 2018-08-15 13:21:17 +0000


Started GET "/assets/jquery_ujs.js?body=1" for 126.175.41.141 at 2018-08-15 13:21:17 +0000


Started GET "/assets/jquery.js?body=1" for 126.175.41.141 at 2018-08-15 13:21:17 +0000


Started GET "/assets/projects.css?body=1" for 126.175.41.141 at 2018-08-15 13:21:17 +0000


Started GET "/assets/application.js?body=1" for 126.175.41.141 at 2018-08-15 13:21:17 +0000


Started GET "/assets/logo.png" for 126.175.41.141 at 2018-08-15 13:21:17 +0000


Started GET "/projects/new" for 126.175.41.141 at 2018-08-15 13:21:19 +0000
Processing by ProjectsController#new as HTML
  Rendered projects/new.html.erb within layouts/application (12.2ms)
Completed 200 OK in 17ms (Views: 15.8ms | ActiveRecord: 0.0ms)


Started POST "/projects" for 126.175.41.141 at 2018-08-15 13:21:22 +0000

AbstractController::ActionNotFound (The action 'create' could not be found for ProjectsController):
  actionpack (4.0.5) lib/abstract_controller/base.rb:131:in `process'
  actionpack (4.0.5) lib/abstract_controller/rendering.rb:44:in `process'
  actionpack (4.0.5) lib/action_controller/metal.rb:195:in `dispatch'
  actionpack (4.0.5) lib/action_controller/metal/rack_delegation.rb:13:in `dispatch'
  actionpack (4.0.5) lib/action_controller/metal.rb:231:in `block in action'
  actionpack (4.0.5) lib/action_dispatch/routing/route_set.rb:80:in `call'
  actionpack (4.0.5) lib/action_dispatch/routing/route_set.rb:80:in `dispatch'
  actionpack (4.0.5) lib/action_dispatch/routing/route_set.rb:48:in `call'
  actionpack (4.0.5) lib/action_dispatch/journey/router.rb:71:in `block in call'
  actionpack (4.0.5) lib/action_dispatch/journey/router.rb:59:in `each'
  actionpack (4.0.5) lib/action_dispatch/journey/router.rb:59:in `call'
  actionpack (4.0.5) lib/action_dispatch/routing/route_set.rb:674:in `call'
  rack (1.5.5) lib/rack/etag.rb:23:in `call'
  rack (1.5.5) lib/rack/conditionalget.rb:35:in `call'
  rack (1.5.5) lib/rack/head.rb:11:in `call'
  actionpack (4.0.5) lib/action_dispatch/middleware/params_parser.rb:27:in `call'
  actionpack (4.0.5) lib/action_dispatch/middleware/flash.rb:241:in `call'
  rack (1.5.5) lib/rack/session/abstract/id.rb:225:in `context'
  rack (1.5.5) lib/rack/session/abstract/id.rb:220:in `call'
  actionpack (4.0.5) lib/action_dispatch/middleware/cookies.rb:486:in `call'
  activerecord (4.0.5) lib/active_record/query_cache.rb:36:in `call'
  activerecord (4.0.5) lib/active_record/connection_adapters/abstract/connection_pool.rb:626:in `call'
  activerecord (4.0.5) lib/active_record/migration.rb:373:in `call'
  actionpack (4.0.5) lib/action_dispatch/middleware/callbacks.rb:29:in `block in call'
  activesupport (4.0.5) lib/active_support/callbacks.rb:373:in `_run__66570928524198322__call__callbacks'
  activesupport (4.0.5) lib/active_support/callbacks.rb:80:in `run_callbacks'
  actionpack (4.0.5) lib/action_dispatch/middleware/callbacks.rb:27:in `call'
  actionpack (4.0.5) lib/action_dispatch/middleware/reloader.rb:64:in `call'
  actionpack (4.0.5) lib/action_dispatch/middleware/remote_ip.rb:76:in `call'
  actionpack (4.0.5) lib/action_dispatch/middleware/debug_exceptions.rb:17:in `call'
  actionpack (4.0.5) lib/action_dispatch/middleware/show_exceptions.rb:30:in `call'
  railties (4.0.5) lib/rails/rack/logger.rb:38:in `call_app'
  railties (4.0.5) lib/rails/rack/logger.rb:20:in `block in call'
  activesupport (4.0.5) lib/active_support/tagged_logging.rb:68:in `block in tagged'
  activesupport (4.0.5) lib/active_support/tagged_logging.rb:26:in `tagged'
  activesupport (4.0.5) lib/active_support/tagged_logging.rb:68:in `tagged'
  railties (4.0.5) lib/rails/rack/logger.rb:20:in `call'
  actionpack (4.0.5) lib/action_dispatch/middleware/request_id.rb:21:in `call'
  rack (1.5.5) lib/rack/methodoverride.rb:21:in `call'
  rack (1.5.5) lib/rack/runtime.rb:17:in `call'
  activesupport (4.0.5) lib/active_support/cache/strategy/local_cache.rb:83:in `call'
  rack (1.5.5) lib/rack/lock.rb:17:in `call'
  actionpack (4.0.5) lib/action_dispatch/middleware/static.rb:64:in `call'
  rack (1.5.5) lib/rack/sendfile.rb:112:in `call'
  railties (4.0.5) lib/rails/engine.rb:511:in `call'
  railties (4.0.5) lib/rails/application.rb:97:in `call'
  rack (1.5.5) lib/rack/lock.rb:17:in `call'
  rack (1.5.5) lib/rack/content_length.rb:14:in `call'
  rack (1.5.5) lib/rack/handler/webrick.rb:60:in `service'
  /usr/local/rvm/rubies/ruby-2.0.0-p648/lib/ruby/2.0.0/webrick/httpserver.rb:138:in `service'
  /usr/local/rvm/rubies/ruby-2.0.0-p648/lib/ruby/2.0.0/webrick/httpserver.rb:94:in `run'
  /usr/local/rvm/rubies/ruby-2.0.0-p648/lib/ruby/2.0.0/webrick/server.rb:295:in `block in start_thread'


  Rendered /usr/local/rvm/gems/ruby-2.0.0-p648@samurai/gems/actionpack-4.0.5/lib/action_dispatch/middleware/templates/rescues/unknown_action.erb within rescues/layout (0.4ms)


Started GET "/" for 126.175.41.141 at 2018-08-15 13:21:50 +0000
Processing by ProjectsController#index as HTML
  [1m[36mProject Load (0.2ms)[0m  [1mSELECT "projects".* FROM "projects"[0m
  Rendered projects/index.html.erb within layouts/application (1.4ms)
Completed 200 OK in 27ms (Views: 26.3ms | ActiveRecord: 0.2ms)


Started GET "/assets/jquery_ujs.js?body=1" for 126.175.41.141 at 2018-08-15 13:21:50 +0000


Started GET "/assets/jquery.js?body=1" for 126.175.41.141 at 2018-08-15 13:21:50 +0000


Started GET "/assets/projects.css?body=1" for 126.175.41.141 at 2018-08-15 13:21:50 +0000


Started GET "/assets/turbolinks.js?body=1" for 126.175.41.141 at 2018-08-15 13:21:50 +0000


Started GET "/assets/application.css?body=1" for 126.175.41.141 at 2018-08-15 13:21:50 +0000


Started GET "/assets/logo.png" for 126.175.41.141 at 2018-08-15 13:21:50 +0000


Started GET "/assets/application.js?body=1" for 126.175.41.141 at 2018-08-15 13:21:50 +0000


Started GET "/assets/projects.js?body=1" for 126.175.41.141 at 2018-08-15 13:21:50 +0000


Started GET "/" for 126.175.41.141 at 2018-08-15 13:24:23 +0000

SyntaxError (/home/ec2-user/environment/workspace/taskpp/app/controllers/projects_controller.rb:24: syntax error, unexpected keyword_end, expecting end-of-input):
  activesupport (4.0.5) lib/active_support/dependencies.rb:424:in `load'
  activesupport (4.0.5) lib/active_support/dependencies.rb:424:in `block in load_file'
  activesupport (4.0.5) lib/active_support/dependencies.rb:616:in `new_constants_in'
  activesupport (4.0.5) lib/active_support/dependencies.rb:423:in `load_file'
  activesupport (4.0.5) lib/active_support/dependencies.rb:324:in `require_or_load'
  activesupport (4.0.5) lib/active_support/dependencies.rb:463:in `load_missing_constant'
  activesupport (4.0.5) lib/active_support/dependencies.rb:184:in `const_missing'
  activesupport (4.0.5) lib/active_support/inflector/methods.rb:226:in `const_get'
  activesupport (4.0.5) lib/active_support/inflector/methods.rb:226:in `block in constantize'
  activesupport (4.0.5) lib/active_support/inflector/methods.rb:224:in `each'
  activesupport (4.0.5) lib/active_support/inflector/methods.rb:224:in `inject'
  activesupport (4.0.5) lib/active_support/inflector/methods.rb:224:in `constantize'
  activesupport (4.0.5) lib/active_support/dependencies.rb:535:in `get'
  activesupport (4.0.5) lib/active_support/dependencies.rb:566:in `constantize'
  actionpack (4.0.5) lib/action_dispatch/routing/route_set.rb:76:in `controller_reference'
  actionpack (4.0.5) lib/action_dispatch/routing/route_set.rb:66:in `controller'
  actionpack (4.0.5) lib/action_dispatch/routing/route_set.rb:44:in `call'
  actionpack (4.0.5) lib/action_dispatch/journey/router.rb:71:in `block in call'
  actionpack (4.0.5) lib/action_dispatch/journey/router.rb:59:in `each'
  actionpack (4.0.5) lib/action_dispatch/journey/router.rb:59:in `call'
  actionpack (4.0.5) lib/action_dispatch/routing/route_set.rb:674:in `call'
  rack (1.5.5) lib/rack/etag.rb:23:in `call'
  rack (1.5.5) lib/rack/conditionalget.rb:25:in `call'
  rack (1.5.5) lib/rack/head.rb:11:in `call'
  actionpack (4.0.5) lib/action_dispatch/middleware/params_parser.rb:27:in `call'
  actionpack (4.0.5) lib/action_dispatch/middleware/flash.rb:241:in `call'
  rack (1.5.5) lib/rack/session/abstract/id.rb:225:in `context'
  rack (1.5.5) lib/rack/session/abstract/id.rb:220:in `call'
  actionpack (4.0.5) lib/action_dispatch/middleware/cookies.rb:486:in `call'
  activerecord (4.0.5) lib/active_record/query_cache.rb:36:in `call'
  activerecord (4.0.5) lib/active_record/connection_adapters/abstract/connection_pool.rb:626:in `call'
  activerecord (4.0.5) lib/active_record/migration.rb:373:in `call'
  actionpack (4.0.5) lib/action_dispatch/middleware/callbacks.rb:29:in `block in call'
  activesupport (4.0.5) lib/active_support/callbacks.rb:373:in `_run__66570928524198322__call__callbacks'
  activesupport (4.0.5) lib/active_support/callbacks.rb:80:in `run_callbacks'
  actionpack (4.0.5) lib/action_dispatch/middleware/callbacks.rb:27:in `call'
  actionpack (4.0.5) lib/action_dispatch/middleware/reloader.rb:64:in `call'
  actionpack (4.0.5) lib/action_dispatch/middleware/remote_ip.rb:76:in `call'
  actionpack (4.0.5) lib/action_dispatch/middleware/debug_exceptions.rb:17:in `call'
  actionpack (4.0.5) lib/action_dispatch/middleware/show_exceptions.rb:30:in `call'
  railties (4.0.5) lib/rails/rack/logger.rb:38:in `call_app'
  railties (4.0.5) lib/rails/rack/logger.rb:20:in `block in call'
  activesupport (4.0.5) lib/active_support/tagged_logging.rb:68:in `block in tagged'
  activesupport (4.0.5) lib/active_support/tagged_logging.rb:26:in `tagged'
  activesupport (4.0.5) lib/active_support/tagged_logging.rb:68:in `tagged'
  railties (4.0.5) lib/rails/rack/logger.rb:20:in `call'
  actionpack (4.0.5) lib/action_dispatch/middleware/request_id.rb:21:in `call'
  rack (1.5.5) lib/rack/methodoverride.rb:21:in `call'
  rack (1.5.5) lib/rack/runtime.rb:17:in `call'
  activesupport (4.0.5) lib/active_support/cache/strategy/local_cache.rb:83:in `call'
  rack (1.5.5) lib/rack/lock.rb:17:in `call'
  actionpack (4.0.5) lib/action_dispatch/middleware/static.rb:64:in `call'
  rack (1.5.5) lib/rack/sendfile.rb:112:in `call'
  railties (4.0.5) lib/rails/engine.rb:511:in `call'
  railties (4.0.5) lib/rails/application.rb:97:in `call'
  rack (1.5.5) lib/rack/lock.rb:17:in `call'
  rack (1.5.5) lib/rack/content_length.rb:14:in `call'
  rack (1.5.5) lib/rack/handler/webrick.rb:60:in `service'
  /usr/local/rvm/rubies/ruby-2.0.0-p648/lib/ruby/2.0.0/webrick/httpserver.rb:138:in `service'
  /usr/local/rvm/rubies/ruby-2.0.0-p648/lib/ruby/2.0.0/webrick/httpserver.rb:94:in `run'
  /usr/local/rvm/rubies/ruby-2.0.0-p648/lib/ruby/2.0.0/webrick/server.rb:295:in `block in start_thread'


  Rendered /usr/local/rvm/gems/ruby-2.0.0-p648@samurai/gems/actionpack-4.0.5/lib/action_dispatch/middleware/templates/rescues/_source.erb (0.4ms)
  Rendered /usr/local/rvm/gems/ruby-2.0.0-p648@samurai/gems/actionpack-4.0.5/lib/action_dispatch/middleware/templates/rescues/_trace.erb (0.9ms)
  Rendered /usr/local/rvm/gems/ruby-2.0.0-p648@samurai/gems/actionpack-4.0.5/lib/action_dispatch/middleware/templates/rescues/_request_and_response.erb (1.1ms)
  Rendered /usr/local/rvm/gems/ruby-2.0.0-p648@samurai/gems/actionpack-4.0.5/lib/action_dispatch/middleware/templates/rescues/diagnostics.erb within rescues/layout (11.9ms)


Started GET "/" for 126.175.41.141 at 2018-08-15 13:25:43 +0000
Processing by ProjectsController#index as HTML
  [1m[35mProject Load (0.2ms)[0m  SELECT "projects".* FROM "projects"
  Rendered projects/index.html.erb within layouts/application (4.7ms)
Completed 200 OK in 10ms (Views: 7.8ms | ActiveRecord: 0.5ms)


Started GET "/assets/projects.js?body=1" for 126.175.41.141 at 2018-08-15 13:25:44 +0000


Started GET "/assets/turbolinks.js?body=1" for 126.175.41.141 at 2018-08-15 13:25:44 +0000


Started GET "/assets/jquery_ujs.js?body=1" for 126.175.41.141 at 2018-08-15 13:25:44 +0000


Started GET "/assets/jquery.js?body=1" for 126.175.41.141 at 2018-08-15 13:25:44 +0000


Started GET "/assets/projects.css?body=1" for 126.175.41.141 at 2018-08-15 13:25:44 +0000


Started GET "/assets/application.css?body=1" for 126.175.41.141 at 2018-08-15 13:25:44 +0000


Started GET "/assets/logo.png" for 126.175.41.141 at 2018-08-15 13:25:44 +0000


Started GET "/assets/application.js?body=1" for 126.175.41.141 at 2018-08-15 13:25:44 +0000


Started GET "/projects/new" for 126.175.41.141 at 2018-08-15 13:25:45 +0000
Processing by ProjectsController#new as HTML
  Rendered projects/new.html.erb within layouts/application (1.8ms)
Completed 200 OK in 6ms (Views: 5.2ms | ActiveRecord: 0.0ms)


Started POST "/projects" for 126.175.41.141 at 2018-08-15 13:25:51 +0000
Processing by ProjectsController#create as HTML
  Parameters: {"utf8"=>"✓", "authenticity_token"=>"45vSNPzosyGqB6RzEnkQ3WKlkUYfkzbvov9wLofUD+Q=", "project"=>{"title"=>"93"}, "commit"=>"Create Project"}
  [1m[36m (0.1ms)[0m  [1mbegin transaction[0m
  [1m[35mSQL (3.2ms)[0m  INSERT INTO "projects" ("created_at", "title", "updated_at") VALUES (?, ?, ?)  [["created_at", Wed, 15 Aug 2018 13:25:51 UTC +00:00], ["title", "93"], ["updated_at", Wed, 15 Aug 2018 13:25:51 UTC +00:00]]
  [1m[36m (3.8ms)[0m  [1mcommit transaction[0m
Redirected to https://b7fd3318864c4f40a9312b74cdeb416e.vfs.cloud9.us-east-2.amazonaws.com/projects
Completed 302 Found in 11ms (ActiveRecord: 7.1ms)


Started GET "/projects" for 126.175.41.141 at 2018-08-15 13:25:52 +0000
Processing by ProjectsController#index as HTML
  [1m[35mProject Load (0.1ms)[0m  SELECT "projects".* FROM "projects"
  Rendered projects/index.html.erb within layouts/application (1.3ms)
Completed 200 OK in 6ms (Views: 4.8ms | ActiveRecord: 0.1ms)


Started GET "/assets/application.css?body=1" for 126.175.41.141 at 2018-08-15 13:25:52 +0000


Started GET "/assets/projects.css?body=1" for 126.175.41.141 at 2018-08-15 13:25:52 +0000


Started GET "/assets/jquery_ujs.js?body=1" for 126.175.41.141 at 2018-08-15 13:25:52 +0000


Started GET "/assets/turbolinks.js?body=1" for 126.175.41.141 at 2018-08-15 13:25:52 +0000


Started GET "/assets/projects.js?body=1" for 126.175.41.141 at 2018-08-15 13:25:52 +0000


Started GET "/assets/jquery.js?body=1" for 126.175.41.141 at 2018-08-15 13:25:52 +0000


Started GET "/assets/application.js?body=1" for 126.175.41.141 at 2018-08-15 13:25:52 +0000


Started GET "/assets/logo.png" for 126.175.41.141 at 2018-08-15 13:25:53 +0000


Started GET "/projects/3" for 126.175.41.141 at 2018-08-15 13:25:55 +0000
Processing by ProjectsController#show as HTML
  Parameters: {"id"=>"3"}
  [1m[36mProject Load (0.2ms)[0m  [1mSELECT "projects".* FROM "projects" WHERE "projects"."id" = ? LIMIT 1[0m  [["id", "3"]]
  Rendered projects/show.html.erb within layouts/application (0.4ms)
Completed 200 OK in 6ms (Views: 4.1ms | ActiveRecord: 0.2ms)


Started GET "/projects" for 126.175.41.141 at 2018-08-15 13:25:58 +0000
Processing by ProjectsController#index as HTML
  [1m[35mProject Load (0.2ms)[0m  SELECT "projects".* FROM "projects"
  Rendered projects/index.html.erb within layouts/application (1.8ms)
Completed 200 OK in 6ms (Views: 5.1ms | ActiveRecord: 0.2ms)
  [1m[36mActiveRecord::SchemaMigration Load (0.1ms)[0m  [1mSELECT "schema_migrations".* FROM "schema_migrations"[0m
  [1m[35m (0.1ms)[0m  begin transaction
  [1m[36mSQL (2.1ms)[0m  [1mINSERT INTO "projects" ("created_at", "id", "title", "updated_at") VALUES (?, ?, ?, ?)[0m  [["created_at", Wed, 15 Aug 2018 13:51:53 UTC +00:00], ["id", 5], ["title", "test"], ["updated_at", Wed, 15 Aug 2018 13:51:53 UTC +00:00]]
  [1m[35m (4.3ms)[0m  commit transaction


Started GET "/" for 126.175.41.141 at 2018-08-15 13:52:45 +0000
  [1m[36mActiveRecord::SchemaMigration Load (0.1ms)[0m  [1mSELECT "schema_migrations".* FROM "schema_migrations"[0m
Processing by ProjectsController#index as HTML
  [1m[35mProject Load (0.1ms)[0m  SELECT "projects".* FROM "projects"
  Rendered projects/index.html.erb within layouts/application (5.5ms)
Completed 200 OK in 55ms (Views: 46.1ms | ActiveRecord: 0.3ms)


Started GET "/assets/application.css?body=1" for 126.175.41.141 at 2018-08-15 13:52:46 +0000


Started GET "/assets/projects.css?body=1" for 126.175.41.141 at 2018-08-15 13:52:46 +0000


Started GET "/assets/jquery.js?body=1" for 126.175.41.141 at 2018-08-15 13:52:46 +0000


Started GET "/assets/jquery_ujs.js?body=1" for 126.175.41.141 at 2018-08-15 13:52:46 +0000


Started GET "/assets/projects.js?body=1" for 126.175.41.141 at 2018-08-15 13:52:46 +0000


Started GET "/assets/turbolinks.js?body=1" for 126.175.41.141 at 2018-08-15 13:52:46 +0000


Started GET "/assets/logo.png" for 126.175.41.141 at 2018-08-15 13:52:46 +0000


Started GET "/assets/application.js?body=1" for 126.175.41.141 at 2018-08-15 13:52:46 +0000


Started GET "/projects/5" for 126.175.41.141 at 2018-08-15 13:52:48 +0000
Processing by ProjectsController#show as HTML
  Parameters: {"id"=>"5"}
  [1m[36mProject Load (0.2ms)[0m  [1mSELECT "projects".* FROM "projects" WHERE "projects"."id" = ? LIMIT 1[0m  [["id", "5"]]
  Rendered projects/show.html.erb within layouts/application (0.4ms)
Completed 200 OK in 7ms (Views: 4.2ms | ActiveRecord: 0.2ms)


Started GET "/projects" for 126.175.41.141 at 2018-08-15 13:52:50 +0000
Processing by ProjectsController#index as HTML
  [1m[35mProject Load (0.2ms)[0m  SELECT "projects".* FROM "projects"
  Rendered projects/index.html.erb within layouts/application (1.8ms)
Completed 200 OK in 6ms (Views: 5.2ms | ActiveRecord: 0.2ms)
